2022-05-21 21:59:23.422628 +07 | [ant/default-2022-05-21-21-59-15-960437-+07-01] observation space: Box(111,)
2022-05-21 21:59:23.422803 +07 | [ant/default-2022-05-21-21-59-15-960437-+07-01] action space: Box(8,)
2022-05-21 21:59:23.428629 +07 | [ant/default-2022-05-21-21-59-15-960437-+07-01] observation space: Box(111,)
2022-05-21 21:59:23.428773 +07 | [ant/default-2022-05-21-21-59-15-960437-+07-01] action space: Box(8,)
2022-05-21 21:59:23.433549 +07 | [ant/default-2022-05-21-21-59-15-960437-+07-01] observation space: Box(111,)
2022-05-21 21:59:23.433673 +07 | [ant/default-2022-05-21-21-59-15-960437-+07-01] action space: Box(8,)
2022-05-21 21:59:23.439188 +07 | [ant/default-2022-05-21-21-59-15-960437-+07-01] observation space: Box(111,)
2022-05-21 21:59:23.439324 +07 | [ant/default-2022-05-21-21-59-15-960437-+07-01] action space: Box(8,)
2022-05-21 22:40:43.797049 +07 | [ant/default-2022-05-21-22-40-38-767492-+07-01] observation space: Box(111,)
2022-05-21 22:40:43.797193 +07 | [ant/default-2022-05-21-22-40-38-767492-+07-01] action space: Box(8,)
2022-05-21 22:40:43.802658 +07 | [ant/default-2022-05-21-22-40-38-767492-+07-01] observation space: Box(111,)
2022-05-21 22:40:43.802776 +07 | [ant/default-2022-05-21-22-40-38-767492-+07-01] action space: Box(8,)
2022-05-21 22:40:43.807042 +07 | [ant/default-2022-05-21-22-40-38-767492-+07-01] observation space: Box(111,)
2022-05-21 22:40:43.807123 +07 | [ant/default-2022-05-21-22-40-38-767492-+07-01] action space: Box(8,)
2022-05-21 22:40:43.811629 +07 | [ant/default-2022-05-21-22-40-38-767492-+07-01] observation space: Box(111,)
2022-05-21 22:40:43.811716 +07 | [ant/default-2022-05-21-22-40-38-767492-+07-01] action space: Box(8,)
2022-05-21 22:41:07.941081 +07 | [ant/default-2022-05-21-22-40-57-278880-+07-01] observation space: Box(111,)
2022-05-21 22:41:07.941244 +07 | [ant/default-2022-05-21-22-40-57-278880-+07-01] action space: Box(8,)
2022-05-21 22:41:07.946593 +07 | [ant/default-2022-05-21-22-40-57-278880-+07-01] observation space: Box(111,)
2022-05-21 22:41:07.946714 +07 | [ant/default-2022-05-21-22-40-57-278880-+07-01] action space: Box(8,)
2022-05-21 22:41:07.951319 +07 | [ant/default-2022-05-21-22-40-57-278880-+07-01] observation space: Box(111,)
2022-05-21 22:41:07.951449 +07 | [ant/default-2022-05-21-22-40-57-278880-+07-01] action space: Box(8,)
2022-05-21 22:41:07.956665 +07 | [ant/default-2022-05-21-22-40-57-278880-+07-01] observation space: Box(111,)
2022-05-21 22:41:07.956802 +07 | [ant/default-2022-05-21-22-40-57-278880-+07-01] action space: Box(8,)
2022-05-21 22:47:26.894556 +07 | [ant/default-2022-05-21-22-47-16-309389-+07-01] observation space: Box(111,)
2022-05-21 22:47:26.894714 +07 | [ant/default-2022-05-21-22-47-16-309389-+07-01] action space: Box(8,)
2022-05-21 22:47:26.900043 +07 | [ant/default-2022-05-21-22-47-16-309389-+07-01] observation space: Box(111,)
2022-05-21 22:47:26.900154 +07 | [ant/default-2022-05-21-22-47-16-309389-+07-01] action space: Box(8,)
2022-05-21 22:47:26.904442 +07 | [ant/default-2022-05-21-22-47-16-309389-+07-01] observation space: Box(111,)
2022-05-21 22:47:26.904524 +07 | [ant/default-2022-05-21-22-47-16-309389-+07-01] action space: Box(8,)
2022-05-21 22:47:26.909051 +07 | [ant/default-2022-05-21-22-47-16-309389-+07-01] observation space: Box(111,)
2022-05-21 22:47:26.909137 +07 | [ant/default-2022-05-21-22-47-16-309389-+07-01] action space: Box(8,)
2022-05-21 22:48:28.907719 +07 | [ant/default-2022-05-21-22-48-18-248940-+07-01] observation space: Box(111,)
2022-05-21 22:48:28.907876 +07 | [ant/default-2022-05-21-22-48-18-248940-+07-01] action space: Box(8,)
2022-05-21 22:48:28.913499 +07 | [ant/default-2022-05-21-22-48-18-248940-+07-01] observation space: Box(111,)
2022-05-21 22:48:28.913609 +07 | [ant/default-2022-05-21-22-48-18-248940-+07-01] action space: Box(8,)
2022-05-21 22:48:28.917789 +07 | [ant/default-2022-05-21-22-48-18-248940-+07-01] observation space: Box(111,)
2022-05-21 22:48:28.917873 +07 | [ant/default-2022-05-21-22-48-18-248940-+07-01] action space: Box(8,)
2022-05-21 22:48:28.922387 +07 | [ant/default-2022-05-21-22-48-18-248940-+07-01] observation space: Box(111,)
2022-05-21 22:48:28.922479 +07 | [ant/default-2022-05-21-22-48-18-248940-+07-01] action space: Box(8,)
2022-05-22 00:14:29.343514 +07 | [ant/default-2022-05-22-00-14-22-497532-+07-01] observation space: Box(111,)
2022-05-22 00:14:29.343685 +07 | [ant/default-2022-05-22-00-14-22-497532-+07-01] action space: Box(8,)
2022-05-22 00:14:29.350345 +07 | [ant/default-2022-05-22-00-14-22-497532-+07-01] observation space: Box(111,)
2022-05-22 00:14:29.350468 +07 | [ant/default-2022-05-22-00-14-22-497532-+07-01] action space: Box(8,)
2022-05-22 00:14:29.355822 +07 | [ant/default-2022-05-22-00-14-22-497532-+07-01] observation space: Box(111,)
2022-05-22 00:14:29.355906 +07 | [ant/default-2022-05-22-00-14-22-497532-+07-01] action space: Box(8,)
2022-05-22 00:14:29.361619 +07 | [ant/default-2022-05-22-00-14-22-497532-+07-01] observation space: Box(111,)
2022-05-22 00:14:29.361722 +07 | [ant/default-2022-05-22-00-14-22-497532-+07-01] action space: Box(8,)
2022-05-22 00:16:02.288278 +07 | [ant/default-2022-05-22-00-15-55-578074-+07-01] observation space: Box(111,)
2022-05-22 00:16:02.288680 +07 | [ant/default-2022-05-22-00-15-55-578074-+07-01] action space: Box(8,)
2022-05-22 00:16:02.294224 +07 | [ant/default-2022-05-22-00-15-55-578074-+07-01] observation space: Box(111,)
2022-05-22 00:16:02.294341 +07 | [ant/default-2022-05-22-00-15-55-578074-+07-01] action space: Box(8,)
2022-05-22 00:16:02.298835 +07 | [ant/default-2022-05-22-00-15-55-578074-+07-01] observation space: Box(111,)
2022-05-22 00:16:02.298918 +07 | [ant/default-2022-05-22-00-15-55-578074-+07-01] action space: Box(8,)
2022-05-22 00:16:02.303830 +07 | [ant/default-2022-05-22-00-15-55-578074-+07-01] observation space: Box(111,)
2022-05-22 00:16:02.303912 +07 | [ant/default-2022-05-22-00-15-55-578074-+07-01] action space: Box(8,)
2022-05-22 00:18:34.127491 +07 | [ant/default-2022-05-22-00-18-27-067426-+07-01] observation space: Box(111,)
2022-05-22 00:18:34.127637 +07 | [ant/default-2022-05-22-00-18-27-067426-+07-01] action space: Box(8,)
2022-05-22 00:18:34.133485 +07 | [ant/default-2022-05-22-00-18-27-067426-+07-01] observation space: Box(111,)
2022-05-22 00:18:34.133597 +07 | [ant/default-2022-05-22-00-18-27-067426-+07-01] action space: Box(8,)
2022-05-22 00:18:34.138343 +07 | [ant/default-2022-05-22-00-18-27-067426-+07-01] observation space: Box(111,)
2022-05-22 00:18:34.138425 +07 | [ant/default-2022-05-22-00-18-27-067426-+07-01] action space: Box(8,)
2022-05-22 00:18:34.143674 +07 | [ant/default-2022-05-22-00-18-27-067426-+07-01] observation space: Box(111,)
2022-05-22 00:18:34.143780 +07 | [ant/default-2022-05-22-00-18-27-067426-+07-01] action space: Box(8,)
2022-05-22 00:19:39.912970 +07 | [ant/default-2022-05-22-00-19-32-457131-+07-01] observation space: Box(111,)
2022-05-22 00:19:39.913118 +07 | [ant/default-2022-05-22-00-19-32-457131-+07-01] action space: Box(8,)
2022-05-22 00:19:39.918397 +07 | [ant/default-2022-05-22-00-19-32-457131-+07-01] observation space: Box(111,)
2022-05-22 00:19:39.918505 +07 | [ant/default-2022-05-22-00-19-32-457131-+07-01] action space: Box(8,)
2022-05-22 00:19:39.922819 +07 | [ant/default-2022-05-22-00-19-32-457131-+07-01] observation space: Box(111,)
2022-05-22 00:19:39.922902 +07 | [ant/default-2022-05-22-00-19-32-457131-+07-01] action space: Box(8,)
2022-05-22 00:19:39.927599 +07 | [ant/default-2022-05-22-00-19-32-457131-+07-01] observation space: Box(111,)
2022-05-22 00:19:39.927711 +07 | [ant/default-2022-05-22-00-19-32-457131-+07-01] action space: Box(8,)
2022-05-22 00:29:47.589346 +07 | [ant/default-2022-05-22-00-29-40-042623-+07-01] observation space: Box(111,)
2022-05-22 00:29:47.589490 +07 | [ant/default-2022-05-22-00-29-40-042623-+07-01] action space: Box(8,)
2022-05-22 00:29:47.594801 +07 | [ant/default-2022-05-22-00-29-40-042623-+07-01] observation space: Box(111,)
2022-05-22 00:29:47.594903 +07 | [ant/default-2022-05-22-00-29-40-042623-+07-01] action space: Box(8,)
2022-05-22 00:29:47.599930 +07 | [ant/default-2022-05-22-00-29-40-042623-+07-01] observation space: Box(111,)
2022-05-22 00:29:47.600181 +07 | [ant/default-2022-05-22-00-29-40-042623-+07-01] action space: Box(8,)
2022-05-22 00:29:47.605152 +07 | [ant/default-2022-05-22-00-29-40-042623-+07-01] observation space: Box(111,)
2022-05-22 00:29:47.605245 +07 | [ant/default-2022-05-22-00-29-40-042623-+07-01] action space: Box(8,)
2022-05-22 00:42:18.093303 +07 | [ant/default-2022-05-22-00-42-08-004730-+07-01] observation space: Box(111,)
2022-05-22 00:42:18.093472 +07 | [ant/default-2022-05-22-00-42-08-004730-+07-01] action space: Box(8,)
2022-05-22 00:42:18.098973 +07 | [ant/default-2022-05-22-00-42-08-004730-+07-01] observation space: Box(111,)
2022-05-22 00:42:18.099081 +07 | [ant/default-2022-05-22-00-42-08-004730-+07-01] action space: Box(8,)
2022-05-22 00:42:18.104278 +07 | [ant/default-2022-05-22-00-42-08-004730-+07-01] observation space: Box(111,)
2022-05-22 00:42:18.104387 +07 | [ant/default-2022-05-22-00-42-08-004730-+07-01] action space: Box(8,)
2022-05-22 00:42:18.109447 +07 | [ant/default-2022-05-22-00-42-08-004730-+07-01] observation space: Box(111,)
2022-05-22 00:42:18.109554 +07 | [ant/default-2022-05-22-00-42-08-004730-+07-01] action space: Box(8,)
2022-05-22 00:44:56.979343 +07 | [ant/default-2022-05-22-00-44-46-824848-+07-01] observation space: Box(111,)
2022-05-22 00:44:56.979521 +07 | [ant/default-2022-05-22-00-44-46-824848-+07-01] action space: Box(8,)
2022-05-22 00:44:56.985836 +07 | [ant/default-2022-05-22-00-44-46-824848-+07-01] observation space: Box(111,)
2022-05-22 00:44:56.985965 +07 | [ant/default-2022-05-22-00-44-46-824848-+07-01] action space: Box(8,)
2022-05-22 00:44:56.991430 +07 | [ant/default-2022-05-22-00-44-46-824848-+07-01] observation space: Box(111,)
2022-05-22 00:44:56.991540 +07 | [ant/default-2022-05-22-00-44-46-824848-+07-01] action space: Box(8,)
2022-05-22 00:44:56.997633 +07 | [ant/default-2022-05-22-00-44-46-824848-+07-01] observation space: Box(111,)
2022-05-22 00:44:56.997793 +07 | [ant/default-2022-05-22-00-44-46-824848-+07-01] action space: Box(8,)
2022-05-22 00:48:17.586088 +07 | [ant/default-2022-05-22-00-47-47-080931-+07-01] observation space: Box(111,)
2022-05-22 00:48:17.586240 +07 | [ant/default-2022-05-22-00-47-47-080931-+07-01] action space: Box(8,)
2022-05-22 00:48:17.591901 +07 | [ant/default-2022-05-22-00-47-47-080931-+07-01] observation space: Box(111,)
2022-05-22 00:48:17.592070 +07 | [ant/default-2022-05-22-00-47-47-080931-+07-01] action space: Box(8,)
2022-05-22 00:48:17.597379 +07 | [ant/default-2022-05-22-00-47-47-080931-+07-01] observation space: Box(111,)
2022-05-22 00:48:17.597566 +07 | [ant/default-2022-05-22-00-47-47-080931-+07-01] action space: Box(8,)
2022-05-22 00:48:17.602759 +07 | [ant/default-2022-05-22-00-47-47-080931-+07-01] observation space: Box(111,)
2022-05-22 00:48:17.602880 +07 | [ant/default-2022-05-22-00-47-47-080931-+07-01] action space: Box(8,)
2022-05-22 00:48:22.975338 +07 | [ant/default-2022-05-22-00-47-47-080931-+07-01] observation space: Box(111,)
2022-05-22 00:48:22.975471 +07 | [ant/default-2022-05-22-00-47-47-080931-+07-01] action space: Box(8,)
2022-05-22 00:48:22.979946 +07 | [ant/default-2022-05-22-00-47-47-080931-+07-01] observation space: Box(111,)
2022-05-22 00:48:22.980060 +07 | [ant/default-2022-05-22-00-47-47-080931-+07-01] action space: Box(8,)
2022-05-22 00:48:22.984869 +07 | [ant/default-2022-05-22-00-47-47-080931-+07-01] observation space: Box(111,)
2022-05-22 00:48:22.984958 +07 | [ant/default-2022-05-22-00-47-47-080931-+07-01] action space: Box(8,)
2022-05-22 00:48:22.989051 +07 | [ant/default-2022-05-22-00-47-47-080931-+07-01] observation space: Box(111,)
2022-05-22 00:48:22.989134 +07 | [ant/default-2022-05-22-00-47-47-080931-+07-01] action space: Box(8,)
2022-05-22 01:00:37.556644 +07 | [ant/default-2022-05-22-00-59-44-838829-+07-01] observation space: Box(111,)
2022-05-22 01:00:37.556810 +07 | [ant/default-2022-05-22-00-59-44-838829-+07-01] action space: Box(8,)
2022-05-22 01:00:37.563450 +07 | [ant/default-2022-05-22-00-59-44-838829-+07-01] observation space: Box(111,)
2022-05-22 01:00:37.563587 +07 | [ant/default-2022-05-22-00-59-44-838829-+07-01] action space: Box(8,)
2022-05-22 01:00:37.569259 +07 | [ant/default-2022-05-22-00-59-44-838829-+07-01] observation space: Box(111,)
2022-05-22 01:00:37.569397 +07 | [ant/default-2022-05-22-00-59-44-838829-+07-01] action space: Box(8,)
2022-05-22 01:00:37.575505 +07 | [ant/default-2022-05-22-00-59-44-838829-+07-01] observation space: Box(111,)
2022-05-22 01:00:37.575640 +07 | [ant/default-2022-05-22-00-59-44-838829-+07-01] action space: Box(8,)
2022-05-22 01:00:43.083973 +07 | [ant/default-2022-05-22-00-59-44-838829-+07-01] observation space: Box(111,)
2022-05-22 01:00:43.084120 +07 | [ant/default-2022-05-22-00-59-44-838829-+07-01] action space: Box(8,)
2022-05-22 01:00:43.089060 +07 | [ant/default-2022-05-22-00-59-44-838829-+07-01] observation space: Box(111,)
2022-05-22 01:00:43.089157 +07 | [ant/default-2022-05-22-00-59-44-838829-+07-01] action space: Box(8,)
2022-05-22 01:00:43.093802 +07 | [ant/default-2022-05-22-00-59-44-838829-+07-01] observation space: Box(111,)
2022-05-22 01:00:43.093897 +07 | [ant/default-2022-05-22-00-59-44-838829-+07-01] action space: Box(8,)
2022-05-22 01:00:43.098151 +07 | [ant/default-2022-05-22-00-59-44-838829-+07-01] observation space: Box(111,)
2022-05-22 01:00:43.098237 +07 | [ant/default-2022-05-22-00-59-44-838829-+07-01] action space: Box(8,)
2022-05-22 01:01:04.160480 +07 | --------------------  ---------
2022-05-22 01:01:04.160618 +07 | beta_t                   1
2022-05-22 01:01:04.160675 +07 | beta                     1
2022-05-22 01:01:04.160742 +07 | best_actor_num           0
2022-05-22 01:01:04.160818 +07 | mean-okl/0             nan
2022-05-22 01:01:04.160895 +07 | mean-bkl/0             nan
2022-05-22 01:01:04.160964 +07 | mean-okl/1             nan
2022-05-22 01:01:04.161015 +07 | mean-bkl/1             nan
2022-05-22 01:01:04.161076 +07 | mean-okl/2             nan
2022-05-22 01:01:04.161149 +07 | mean-bkl/2             nan
2022-05-22 01:01:04.161211 +07 | mean-okl/3             nan
2022-05-22 01:01:04.161295 +07 | mean-bkl/3             nan
2022-05-22 01:01:04.161378 +07 | return-average/0       703.806
2022-05-22 01:01:04.161456 +07 | episode-length-avg/0   905
2022-05-22 01:01:04.161507 +07 | return-average/1       504.298
2022-05-22 01:01:04.161557 +07 | episode-length-avg/1   839.3
2022-05-22 01:01:04.161614 +07 | return-average/2       677.658
2022-05-22 01:01:04.161663 +07 | episode-length-avg/2  1000
2022-05-22 01:01:04.161741 +07 | return-average/3       914.072
2022-05-22 01:01:04.161807 +07 | episode-length-avg/3  1000
2022-05-22 01:01:04.161861 +07 | return-average         699.958
2022-05-22 01:01:04.161912 +07 | time-eval                0
2022-05-22 01:01:04.161962 +07 | time-total              20.9707
2022-05-22 01:01:04.162011 +07 | epoch                    0
2022-05-22 01:01:04.162083 +07 | avg-path-return/0      -22.1623
2022-05-22 01:01:04.162133 +07 | total-samples/0       1000
2022-05-22 01:01:04.162183 +07 | avg-path-return/1      -58.3921
2022-05-22 01:01:04.162232 +07 | total-samples/1       1000
2022-05-22 01:01:04.162281 +07 | avg-path-return/2      -21.9307
2022-05-22 01:01:04.162329 +07 | total-samples/2       1000
2022-05-22 01:01:04.162378 +07 | avg-path-return/3      -17.095
2022-05-22 01:01:04.162428 +07 | total-samples/3       1000
2022-05-22 01:01:04.162476 +07 | --------------------  ---------
2022-05-22 01:01:24.890617 +07 | --------------------  ---------
2022-05-22 01:01:24.890746 +07 | beta_t                   1
2022-05-22 01:01:24.890800 +07 | beta                     1
2022-05-22 01:01:24.890863 +07 | best_actor_num           0
2022-05-22 01:01:24.890946 +07 | mean-okl/0             nan
2022-05-22 01:01:24.891035 +07 | mean-bkl/0             nan
2022-05-22 01:01:24.891081 +07 | mean-okl/1             nan
2022-05-22 01:01:24.891145 +07 | mean-bkl/1             nan
2022-05-22 01:01:24.891223 +07 | mean-okl/2             nan
2022-05-22 01:01:24.891289 +07 | mean-bkl/2             nan
2022-05-22 01:01:24.891364 +07 | mean-okl/3             nan
2022-05-22 01:01:24.891437 +07 | mean-bkl/3             nan
2022-05-22 01:01:24.891527 +07 | return-average/0       679.159
2022-05-22 01:01:24.891598 +07 | episode-length-avg/0   942.5
2022-05-22 01:01:24.891650 +07 | return-average/1       483.242
2022-05-22 01:01:24.891712 +07 | episode-length-avg/1   865.9
2022-05-22 01:01:24.891768 +07 | return-average/2       679.129
2022-05-22 01:01:24.891827 +07 | episode-length-avg/2  1000
2022-05-22 01:01:24.891900 +07 | return-average/3       913.945
2022-05-22 01:01:24.891975 +07 | episode-length-avg/3  1000
2022-05-22 01:01:24.892048 +07 | return-average         688.869
2022-05-22 01:01:24.892103 +07 | time-eval                0
2022-05-22 01:01:24.892155 +07 | time-total              41.7006
2022-05-22 01:01:24.892205 +07 | epoch                    4
2022-05-22 01:01:24.892255 +07 | avg-path-return/0      -54.4726
2022-05-22 01:01:24.892304 +07 | total-samples/0       2000
2022-05-22 01:01:24.892353 +07 | avg-path-return/1      -20.1213
2022-05-22 01:01:24.892402 +07 | total-samples/1       2000
2022-05-22 01:01:24.892450 +07 | avg-path-return/2      -23.3199
2022-05-22 01:01:24.892499 +07 | total-samples/2       2000
2022-05-22 01:01:24.892548 +07 | avg-path-return/3      -44.9025
2022-05-22 01:01:24.892609 +07 | total-samples/3       2000
2022-05-22 01:01:24.892661 +07 | --------------------  ---------
2022-05-22 01:08:25.182271 +07 | [ant/default-2022-05-22-01-07-31-157643-+07-01] observation space: Box(111,)
2022-05-22 01:08:25.182409 +07 | [ant/default-2022-05-22-01-07-31-157643-+07-01] action space: Box(8,)
2022-05-22 01:08:25.187593 +07 | [ant/default-2022-05-22-01-07-31-157643-+07-01] observation space: Box(111,)
2022-05-22 01:08:25.187710 +07 | [ant/default-2022-05-22-01-07-31-157643-+07-01] action space: Box(8,)
2022-05-22 01:08:25.191977 +07 | [ant/default-2022-05-22-01-07-31-157643-+07-01] observation space: Box(111,)
2022-05-22 01:08:25.192093 +07 | [ant/default-2022-05-22-01-07-31-157643-+07-01] action space: Box(8,)
2022-05-22 01:08:25.196702 +07 | [ant/default-2022-05-22-01-07-31-157643-+07-01] observation space: Box(111,)
2022-05-22 01:08:25.196809 +07 | [ant/default-2022-05-22-01-07-31-157643-+07-01] action space: Box(8,)
2022-05-22 01:08:30.680069 +07 | [ant/default-2022-05-22-01-07-31-157643-+07-01] observation space: Box(111,)
2022-05-22 01:08:30.680232 +07 | [ant/default-2022-05-22-01-07-31-157643-+07-01] action space: Box(8,)
2022-05-22 01:08:30.685177 +07 | [ant/default-2022-05-22-01-07-31-157643-+07-01] observation space: Box(111,)
2022-05-22 01:08:30.685293 +07 | [ant/default-2022-05-22-01-07-31-157643-+07-01] action space: Box(8,)
2022-05-22 01:08:30.690046 +07 | [ant/default-2022-05-22-01-07-31-157643-+07-01] observation space: Box(111,)
2022-05-22 01:08:30.690129 +07 | [ant/default-2022-05-22-01-07-31-157643-+07-01] action space: Box(8,)
2022-05-22 01:08:30.694739 +07 | [ant/default-2022-05-22-01-07-31-157643-+07-01] observation space: Box(111,)
2022-05-22 01:08:30.694818 +07 | [ant/default-2022-05-22-01-07-31-157643-+07-01] action space: Box(8,)
2022-05-22 01:08:51.851010 +07 | --------------------  ---------
2022-05-22 01:08:51.851142 +07 | beta_t                   1
2022-05-22 01:08:51.851194 +07 | beta                     1
2022-05-22 01:08:51.851262 +07 | best_actor_num           0
2022-05-22 01:08:51.851320 +07 | mean-okl/0             nan
2022-05-22 01:08:51.851370 +07 | mean-bkl/0             nan
2022-05-22 01:08:51.851439 +07 | mean-okl/1             nan
2022-05-22 01:08:51.851512 +07 | mean-bkl/1             nan
2022-05-22 01:08:51.851555 +07 | mean-okl/2             nan
2022-05-22 01:08:51.851604 +07 | mean-bkl/2             nan
2022-05-22 01:08:51.851654 +07 | mean-okl/3             nan
2022-05-22 01:08:51.851702 +07 | mean-bkl/3             nan
2022-05-22 01:08:51.851750 +07 | return-average/0       667.278
2022-05-22 01:08:51.851799 +07 | episode-length-avg/0   835.8
2022-05-22 01:08:51.851848 +07 | return-average/1       546.246
2022-05-22 01:08:51.851896 +07 | episode-length-avg/1   965.5
2022-05-22 01:08:51.851944 +07 | return-average/2       672.68
2022-05-22 01:08:51.851991 +07 | episode-length-avg/2  1000
2022-05-22 01:08:51.852067 +07 | return-average/3       916.769
2022-05-22 01:08:51.852121 +07 | episode-length-avg/3  1000
2022-05-22 01:08:51.852171 +07 | return-average         700.743
2022-05-22 01:08:51.852220 +07 | time-eval                0
2022-05-22 01:08:51.852268 +07 | time-total              21.0681
2022-05-22 01:08:51.852316 +07 | epoch                    0
2022-05-22 01:08:51.852364 +07 | avg-path-return/0      -18.3196
2022-05-22 01:08:51.852412 +07 | total-samples/0       1000
2022-05-22 01:08:51.852459 +07 | avg-path-return/1      -20.8138
2022-05-22 01:08:51.852507 +07 | total-samples/1       1000
2022-05-22 01:08:51.852555 +07 | avg-path-return/2      -19.5271
2022-05-22 01:08:51.852603 +07 | total-samples/2       1000
2022-05-22 01:08:51.852651 +07 | avg-path-return/3      -21.3218
2022-05-22 01:08:51.852699 +07 | total-samples/3       1000
2022-05-22 01:08:51.852747 +07 | --------------------  ---------
2022-05-22 01:09:11.701403 +07 | --------------------  ---------
2022-05-22 01:09:11.701532 +07 | beta_t                   1
2022-05-22 01:09:11.701596 +07 | beta                     1
2022-05-22 01:09:11.701654 +07 | best_actor_num           0
2022-05-22 01:09:11.701739 +07 | mean-okl/0             nan
2022-05-22 01:09:11.701826 +07 | mean-bkl/0             nan
2022-05-22 01:09:11.701886 +07 | mean-okl/1             nan
2022-05-22 01:09:11.701975 +07 | mean-bkl/1             nan
2022-05-22 01:09:11.702062 +07 | mean-okl/2             nan
2022-05-22 01:09:11.702141 +07 | mean-bkl/2             nan
2022-05-22 01:09:11.702220 +07 | mean-okl/3             nan
2022-05-22 01:09:11.702295 +07 | mean-bkl/3             nan
2022-05-22 01:09:11.702357 +07 | return-average/0       735.449
2022-05-22 01:09:11.702407 +07 | episode-length-avg/0   906.8
2022-05-22 01:09:11.702470 +07 | return-average/1       536.773
2022-05-22 01:09:11.702541 +07 | episode-length-avg/1   847.5
2022-05-22 01:09:11.702602 +07 | return-average/2       665.423
2022-05-22 01:09:11.702676 +07 | episode-length-avg/2  1000
2022-05-22 01:09:11.702768 +07 | return-average/3       910.11
2022-05-22 01:09:11.702835 +07 | episode-length-avg/3  1000
2022-05-22 01:09:11.702898 +07 | return-average         711.939
2022-05-22 01:09:11.702959 +07 | time-eval                0
2022-05-22 01:09:11.703021 +07 | time-total              40.9181
2022-05-22 01:09:11.703082 +07 | epoch                    4
2022-05-22 01:09:11.703142 +07 | avg-path-return/0      -29.1443
2022-05-22 01:09:11.703201 +07 | total-samples/0       2000
2022-05-22 01:09:11.703260 +07 | avg-path-return/1      -97.0747
2022-05-22 01:09:11.703316 +07 | total-samples/1       2000
2022-05-22 01:09:11.703365 +07 | avg-path-return/2      -16.5003
2022-05-22 01:09:11.703414 +07 | total-samples/2       2000
2022-05-22 01:09:11.703463 +07 | avg-path-return/3      -51.7268
2022-05-22 01:09:11.703513 +07 | total-samples/3       2000
2022-05-22 01:09:11.703562 +07 | --------------------  ---------
2022-05-22 01:11:29.039205 +07 | [ant/default-2022-05-22-01-10-37-502408-+07-01] observation space: Box(111,)
2022-05-22 01:11:29.039351 +07 | [ant/default-2022-05-22-01-10-37-502408-+07-01] action space: Box(8,)
2022-05-22 01:11:29.044577 +07 | [ant/default-2022-05-22-01-10-37-502408-+07-01] observation space: Box(111,)
2022-05-22 01:11:29.044678 +07 | [ant/default-2022-05-22-01-10-37-502408-+07-01] action space: Box(8,)
2022-05-22 01:11:29.049014 +07 | [ant/default-2022-05-22-01-10-37-502408-+07-01] observation space: Box(111,)
2022-05-22 01:11:29.049100 +07 | [ant/default-2022-05-22-01-10-37-502408-+07-01] action space: Box(8,)
2022-05-22 01:11:29.054470 +07 | [ant/default-2022-05-22-01-10-37-502408-+07-01] observation space: Box(111,)
2022-05-22 01:11:29.054590 +07 | [ant/default-2022-05-22-01-10-37-502408-+07-01] action space: Box(8,)
2022-05-22 01:11:34.751184 +07 | [ant/default-2022-05-22-01-10-37-502408-+07-01] observation space: Box(111,)
2022-05-22 01:11:34.751319 +07 | [ant/default-2022-05-22-01-10-37-502408-+07-01] action space: Box(8,)
2022-05-22 01:11:34.755597 +07 | [ant/default-2022-05-22-01-10-37-502408-+07-01] observation space: Box(111,)
2022-05-22 01:11:34.755712 +07 | [ant/default-2022-05-22-01-10-37-502408-+07-01] action space: Box(8,)
2022-05-22 01:11:34.761702 +07 | [ant/default-2022-05-22-01-10-37-502408-+07-01] observation space: Box(111,)
2022-05-22 01:11:34.761842 +07 | [ant/default-2022-05-22-01-10-37-502408-+07-01] action space: Box(8,)
2022-05-22 01:11:34.766319 +07 | [ant/default-2022-05-22-01-10-37-502408-+07-01] observation space: Box(111,)
2022-05-22 01:11:34.766432 +07 | [ant/default-2022-05-22-01-10-37-502408-+07-01] action space: Box(8,)
2022-05-22 01:11:56.079705 +07 | --------------------  ----------
2022-05-22 01:11:56.079843 +07 | beta_t                   1
2022-05-22 01:11:56.079897 +07 | beta                     1
2022-05-22 01:11:56.079964 +07 | best_actor_num           0
2022-05-22 01:11:56.080029 +07 | mean-okl/0             nan
2022-05-22 01:11:56.080083 +07 | mean-bkl/0             nan
2022-05-22 01:11:56.080161 +07 | mean-okl/1             nan
2022-05-22 01:11:56.080223 +07 | mean-bkl/1             nan
2022-05-22 01:11:56.080294 +07 | mean-okl/2             nan
2022-05-22 01:11:56.080358 +07 | mean-bkl/2             nan
2022-05-22 01:11:56.080429 +07 | mean-okl/3             nan
2022-05-22 01:11:56.080509 +07 | mean-bkl/3             nan
2022-05-22 01:11:56.080589 +07 | return-average/0       713.597
2022-05-22 01:11:56.080655 +07 | episode-length-avg/0   954.3
2022-05-22 01:11:56.080723 +07 | return-average/1       563.676
2022-05-22 01:11:56.080776 +07 | episode-length-avg/1   866.7
2022-05-22 01:11:56.080833 +07 | return-average/2       689.403
2022-05-22 01:11:56.080885 +07 | episode-length-avg/2  1000
2022-05-22 01:11:56.080942 +07 | return-average/3       914.289
2022-05-22 01:11:56.080991 +07 | episode-length-avg/3  1000
2022-05-22 01:11:56.081043 +07 | return-average         720.241
2022-05-22 01:11:56.081125 +07 | time-eval                0
2022-05-22 01:11:56.081190 +07 | time-total              21.2277
2022-05-22 01:11:56.081242 +07 | epoch                    0
2022-05-22 01:11:56.081291 +07 | avg-path-return/0       -8.93515
2022-05-22 01:11:56.081338 +07 | total-samples/0       1000
2022-05-22 01:11:56.081386 +07 | avg-path-return/1     -310.515
2022-05-22 01:11:56.081433 +07 | total-samples/1       1000
2022-05-22 01:11:56.081480 +07 | avg-path-return/2      -34.3672
2022-05-22 01:11:56.081527 +07 | total-samples/2       1000
2022-05-22 01:11:56.081574 +07 | avg-path-return/3      -15.6682
2022-05-22 01:11:56.081621 +07 | total-samples/3       1000
2022-05-22 01:11:56.081667 +07 | --------------------  ----------
2022-05-22 01:12:15.730773 +07 | --------------------  ---------
2022-05-22 01:12:15.730921 +07 | beta_t                   1
2022-05-22 01:12:15.730986 +07 | beta                     1
2022-05-22 01:12:15.731068 +07 | best_actor_num           0
2022-05-22 01:12:15.731131 +07 | mean-okl/0             nan
2022-05-22 01:12:15.731193 +07 | mean-bkl/0             nan
2022-05-22 01:12:15.731263 +07 | mean-okl/1             nan
2022-05-22 01:12:15.731327 +07 | mean-bkl/1             nan
2022-05-22 01:12:15.731385 +07 | mean-okl/2             nan
2022-05-22 01:12:15.731445 +07 | mean-bkl/2             nan
2022-05-22 01:12:15.731504 +07 | mean-okl/3             nan
2022-05-22 01:12:15.731560 +07 | mean-bkl/3             nan
2022-05-22 01:12:15.731616 +07 | return-average/0       671.417
2022-05-22 01:12:15.731671 +07 | episode-length-avg/0   836.4
2022-05-22 01:12:15.731727 +07 | return-average/1       434.086
2022-05-22 01:12:15.731785 +07 | episode-length-avg/1   801.2
2022-05-22 01:12:15.731842 +07 | return-average/2       672.169
2022-05-22 01:12:15.731899 +07 | episode-length-avg/2  1000
2022-05-22 01:12:15.731956 +07 | return-average/3       908.299
2022-05-22 01:12:15.732012 +07 | episode-length-avg/3  1000
2022-05-22 01:12:15.732080 +07 | return-average         671.493
2022-05-22 01:12:15.732140 +07 | time-eval                0
2022-05-22 01:12:15.732199 +07 | time-total              40.8786
2022-05-22 01:12:15.732256 +07 | epoch                    4
2022-05-22 01:12:15.732331 +07 | avg-path-return/0      -52.5392
2022-05-22 01:12:15.732382 +07 | total-samples/0       2000
2022-05-22 01:12:15.732439 +07 | avg-path-return/1      -32.0381
2022-05-22 01:12:15.732493 +07 | total-samples/1       2000
2022-05-22 01:12:15.732550 +07 | avg-path-return/2      -29.6026
2022-05-22 01:12:15.732606 +07 | total-samples/2       2000
2022-05-22 01:12:15.732663 +07 | avg-path-return/3      -61.4956
2022-05-22 01:12:15.732767 +07 | total-samples/3       2000
2022-05-22 01:12:15.732822 +07 | --------------------  ---------
2022-05-22 01:16:39.141362 +07 | [ant/default-2022-05-22-01-15-49-160000-+07-01] observation space: Box(111,)
2022-05-22 01:16:39.141545 +07 | [ant/default-2022-05-22-01-15-49-160000-+07-01] action space: Box(8,)
2022-05-22 01:16:39.147190 +07 | [ant/default-2022-05-22-01-15-49-160000-+07-01] observation space: Box(111,)
2022-05-22 01:16:39.147356 +07 | [ant/default-2022-05-22-01-15-49-160000-+07-01] action space: Box(8,)
2022-05-22 01:16:39.151951 +07 | [ant/default-2022-05-22-01-15-49-160000-+07-01] observation space: Box(111,)
2022-05-22 01:16:39.152075 +07 | [ant/default-2022-05-22-01-15-49-160000-+07-01] action space: Box(8,)
2022-05-22 01:16:39.156905 +07 | [ant/default-2022-05-22-01-15-49-160000-+07-01] observation space: Box(111,)
2022-05-22 01:16:39.157008 +07 | [ant/default-2022-05-22-01-15-49-160000-+07-01] action space: Box(8,)
2022-05-22 01:49:56.932824 +07 | [ant/default-2022-05-22-01-49-05-653193-+07-01] observation space: Box(111,)
2022-05-22 01:49:56.932972 +07 | [ant/default-2022-05-22-01-49-05-653193-+07-01] action space: Box(8,)
2022-05-22 01:49:56.938562 +07 | [ant/default-2022-05-22-01-49-05-653193-+07-01] observation space: Box(111,)
2022-05-22 01:49:56.938718 +07 | [ant/default-2022-05-22-01-49-05-653193-+07-01] action space: Box(8,)
2022-05-22 01:49:56.943686 +07 | [ant/default-2022-05-22-01-49-05-653193-+07-01] observation space: Box(111,)
2022-05-22 01:49:56.943803 +07 | [ant/default-2022-05-22-01-49-05-653193-+07-01] action space: Box(8,)
2022-05-22 01:49:56.949173 +07 | [ant/default-2022-05-22-01-49-05-653193-+07-01] observation space: Box(111,)
2022-05-22 01:49:56.949301 +07 | [ant/default-2022-05-22-01-49-05-653193-+07-01] action space: Box(8,)
2022-05-22 01:50:02.668303 +07 | [ant/default-2022-05-22-01-49-05-653193-+07-01] observation space: Box(111,)
2022-05-22 01:50:02.668436 +07 | [ant/default-2022-05-22-01-49-05-653193-+07-01] action space: Box(8,)
2022-05-22 01:50:02.673696 +07 | [ant/default-2022-05-22-01-49-05-653193-+07-01] observation space: Box(111,)
2022-05-22 01:50:02.673799 +07 | [ant/default-2022-05-22-01-49-05-653193-+07-01] action space: Box(8,)
2022-05-22 01:50:02.679660 +07 | [ant/default-2022-05-22-01-49-05-653193-+07-01] observation space: Box(111,)
2022-05-22 01:50:02.679754 +07 | [ant/default-2022-05-22-01-49-05-653193-+07-01] action space: Box(8,)
2022-05-22 01:50:02.684430 +07 | [ant/default-2022-05-22-01-49-05-653193-+07-01] observation space: Box(111,)
2022-05-22 01:50:02.684514 +07 | [ant/default-2022-05-22-01-49-05-653193-+07-01] action space: Box(8,)
2022-05-22 01:51:16.466636 +07 | [ant/default-2022-05-22-01-50-24-036402-+07-01] observation space: Box(111,)
2022-05-22 01:51:16.466799 +07 | [ant/default-2022-05-22-01-50-24-036402-+07-01] action space: Box(8,)
2022-05-22 01:51:16.472614 +07 | [ant/default-2022-05-22-01-50-24-036402-+07-01] observation space: Box(111,)
2022-05-22 01:51:16.472743 +07 | [ant/default-2022-05-22-01-50-24-036402-+07-01] action space: Box(8,)
2022-05-22 01:51:16.477383 +07 | [ant/default-2022-05-22-01-50-24-036402-+07-01] observation space: Box(111,)
2022-05-22 01:51:16.477500 +07 | [ant/default-2022-05-22-01-50-24-036402-+07-01] action space: Box(8,)
2022-05-22 01:51:16.482465 +07 | [ant/default-2022-05-22-01-50-24-036402-+07-01] observation space: Box(111,)
2022-05-22 01:51:16.482581 +07 | [ant/default-2022-05-22-01-50-24-036402-+07-01] action space: Box(8,)
2022-05-22 01:51:22.261457 +07 | [ant/default-2022-05-22-01-50-24-036402-+07-01] observation space: Box(111,)
2022-05-22 01:51:22.261612 +07 | [ant/default-2022-05-22-01-50-24-036402-+07-01] action space: Box(8,)
2022-05-22 01:51:22.266942 +07 | [ant/default-2022-05-22-01-50-24-036402-+07-01] observation space: Box(111,)
2022-05-22 01:51:22.267047 +07 | [ant/default-2022-05-22-01-50-24-036402-+07-01] action space: Box(8,)
2022-05-22 01:51:22.272470 +07 | [ant/default-2022-05-22-01-50-24-036402-+07-01] observation space: Box(111,)
2022-05-22 01:51:22.272558 +07 | [ant/default-2022-05-22-01-50-24-036402-+07-01] action space: Box(8,)
2022-05-22 01:51:22.277360 +07 | [ant/default-2022-05-22-01-50-24-036402-+07-01] observation space: Box(111,)
2022-05-22 01:51:22.277443 +07 | [ant/default-2022-05-22-01-50-24-036402-+07-01] action space: Box(8,)
2022-05-22 01:51:44.444607 +07 | --------------------  ---------
2022-05-22 01:51:44.444770 +07 | beta_t                   1
2022-05-22 01:51:44.444827 +07 | beta                     1
2022-05-22 01:51:44.444907 +07 | best_actor_num           0
2022-05-22 01:51:44.444992 +07 | mean-okl/0             nan
2022-05-22 01:51:44.445084 +07 | mean-bkl/0             nan
2022-05-22 01:51:44.445185 +07 | mean-okl/1             nan
2022-05-22 01:51:44.445272 +07 | mean-bkl/1             nan
2022-05-22 01:51:44.445340 +07 | mean-okl/2             nan
2022-05-22 01:51:44.445409 +07 | mean-bkl/2             nan
2022-05-22 01:51:44.445467 +07 | mean-okl/3             nan
2022-05-22 01:51:44.445516 +07 | mean-bkl/3             nan
2022-05-22 01:51:44.445578 +07 | return-average/0       806.569
2022-05-22 01:51:44.445645 +07 | episode-length-avg/0  1000
2022-05-22 01:51:44.445695 +07 | return-average/1       887.252
2022-05-22 01:51:44.445742 +07 | episode-length-avg/1  1000
2022-05-22 01:51:44.445800 +07 | return-average/2       851.588
2022-05-22 01:51:44.445850 +07 | episode-length-avg/2  1000
2022-05-22 01:51:44.445959 +07 | return-average/3       863.705
2022-05-22 01:51:44.446025 +07 | episode-length-avg/3  1000
2022-05-22 01:51:44.446087 +07 | return-average         852.279
2022-05-22 01:51:44.446146 +07 | time-eval                0
2022-05-22 01:51:44.446204 +07 | time-total              22.0714
2022-05-22 01:51:44.446262 +07 | epoch                    0
2022-05-22 01:51:44.446320 +07 | avg-path-return/0      -29.7516
2022-05-22 01:51:44.446378 +07 | total-samples/0       1000
2022-05-22 01:51:44.446427 +07 | avg-path-return/1      -21.9163
2022-05-22 01:51:44.446475 +07 | total-samples/1       1000
2022-05-22 01:51:44.446522 +07 | avg-path-return/2      -44.9179
2022-05-22 01:51:44.446570 +07 | total-samples/2       1000
2022-05-22 01:51:44.446630 +07 | avg-path-return/3      -29.7258
2022-05-22 01:51:44.446693 +07 | total-samples/3       1000
2022-05-22 01:51:44.446742 +07 | --------------------  ---------
2022-05-22 01:52:05.864682 +07 | --------------------  ---------
2022-05-22 01:52:05.864812 +07 | beta_t                   1
2022-05-22 01:52:05.864879 +07 | beta                     1
2022-05-22 01:52:05.864952 +07 | best_actor_num           0
2022-05-22 01:52:05.865030 +07 | mean-okl/0             nan
2022-05-22 01:52:05.865114 +07 | mean-bkl/0             nan
2022-05-22 01:52:05.865202 +07 | mean-okl/1             nan
2022-05-22 01:52:05.865286 +07 | mean-bkl/1             nan
2022-05-22 01:52:05.865366 +07 | mean-okl/2             nan
2022-05-22 01:52:05.865410 +07 | mean-bkl/2             nan
2022-05-22 01:52:05.865502 +07 | mean-okl/3             nan
2022-05-22 01:52:05.865581 +07 | mean-bkl/3             nan
2022-05-22 01:52:05.865684 +07 | return-average/0       719.25
2022-05-22 01:52:05.865740 +07 | episode-length-avg/0   962.3
2022-05-22 01:52:05.865790 +07 | return-average/1       884.945
2022-05-22 01:52:05.865839 +07 | episode-length-avg/1  1000
2022-05-22 01:52:05.865888 +07 | return-average/2       856.861
2022-05-22 01:52:05.865936 +07 | episode-length-avg/2  1000
2022-05-22 01:52:05.865985 +07 | return-average/3       861.987
2022-05-22 01:52:05.866033 +07 | episode-length-avg/3  1000
2022-05-22 01:52:05.866080 +07 | return-average         830.761
2022-05-22 01:52:05.866127 +07 | time-eval                0
2022-05-22 01:52:05.866183 +07 | time-total              43.4912
2022-05-22 01:52:05.866231 +07 | epoch                    4
2022-05-22 01:52:05.866278 +07 | avg-path-return/0      -19.366
2022-05-22 01:52:05.866325 +07 | total-samples/0       2000
2022-05-22 01:52:05.866372 +07 | avg-path-return/1      -50.4034
2022-05-22 01:52:05.866419 +07 | total-samples/1       2000
2022-05-22 01:52:05.866466 +07 | avg-path-return/2      -76.6692
2022-05-22 01:52:05.866513 +07 | total-samples/2       2000
2022-05-22 01:52:05.866561 +07 | avg-path-return/3      -35.4053
2022-05-22 01:52:05.866607 +07 | total-samples/3       2000
2022-05-22 01:52:05.866654 +07 | --------------------  ---------
2022-05-22 02:00:37.883172 +07 | [ant/default-2022-05-22-01-59-45-053741-+07-01] observation space: Box(111,)
2022-05-22 02:00:37.883317 +07 | [ant/default-2022-05-22-01-59-45-053741-+07-01] action space: Box(8,)
2022-05-22 02:00:37.888505 +07 | [ant/default-2022-05-22-01-59-45-053741-+07-01] observation space: Box(111,)
2022-05-22 02:00:37.888621 +07 | [ant/default-2022-05-22-01-59-45-053741-+07-01] action space: Box(8,)
2022-05-22 02:00:37.892919 +07 | [ant/default-2022-05-22-01-59-45-053741-+07-01] observation space: Box(111,)
2022-05-22 02:00:37.893007 +07 | [ant/default-2022-05-22-01-59-45-053741-+07-01] action space: Box(8,)
2022-05-22 02:00:37.897446 +07 | [ant/default-2022-05-22-01-59-45-053741-+07-01] observation space: Box(111,)
2022-05-22 02:00:37.897530 +07 | [ant/default-2022-05-22-01-59-45-053741-+07-01] action space: Box(8,)
2022-05-22 02:00:43.618731 +07 | [ant/default-2022-05-22-01-59-45-053741-+07-01] observation space: Box(111,)
2022-05-22 02:00:43.618872 +07 | [ant/default-2022-05-22-01-59-45-053741-+07-01] action space: Box(8,)
2022-05-22 02:00:43.625244 +07 | [ant/default-2022-05-22-01-59-45-053741-+07-01] observation space: Box(111,)
2022-05-22 02:00:43.625406 +07 | [ant/default-2022-05-22-01-59-45-053741-+07-01] action space: Box(8,)
2022-05-22 02:00:43.631977 +07 | [ant/default-2022-05-22-01-59-45-053741-+07-01] observation space: Box(111,)
2022-05-22 02:00:43.632147 +07 | [ant/default-2022-05-22-01-59-45-053741-+07-01] action space: Box(8,)
2022-05-22 02:00:43.637560 +07 | [ant/default-2022-05-22-01-59-45-053741-+07-01] observation space: Box(111,)
2022-05-22 02:00:43.637675 +07 | [ant/default-2022-05-22-01-59-45-053741-+07-01] action space: Box(8,)
2022-05-22 02:01:04.625785 +07 | --------------------  ---------
2022-05-22 02:01:04.625919 +07 | beta_t                   1
2022-05-22 02:01:04.625984 +07 | beta                     1
2022-05-22 02:01:04.626052 +07 | best_actor_num           0
2022-05-22 02:01:04.626115 +07 | mean-okl/0             nan
2022-05-22 02:01:04.626169 +07 | mean-bkl/0             nan
2022-05-22 02:01:04.626225 +07 | mean-okl/1             nan
2022-05-22 02:01:04.626288 +07 | mean-bkl/1             nan
2022-05-22 02:01:04.626336 +07 | mean-okl/2             nan
2022-05-22 02:01:04.626385 +07 | mean-bkl/2             nan
2022-05-22 02:01:04.626427 +07 | mean-okl/3             nan
2022-05-22 02:01:04.626486 +07 | mean-bkl/3             nan
2022-05-22 02:01:04.626547 +07 | return-average/0       604.444
2022-05-22 02:01:04.626596 +07 | episode-length-avg/0   775.6
2022-05-22 02:01:04.626645 +07 | return-average/1       967.859
2022-05-22 02:01:04.626693 +07 | episode-length-avg/1  1000
2022-05-22 02:01:04.626742 +07 | return-average/2       907.445
2022-05-22 02:01:04.626790 +07 | episode-length-avg/2  1000
2022-05-22 02:01:04.626838 +07 | return-average/3       810.85
2022-05-22 02:01:04.626885 +07 | episode-length-avg/3  1000
2022-05-22 02:01:04.626932 +07 | return-average         822.65
2022-05-22 02:01:04.626980 +07 | time-eval                0
2022-05-22 02:01:04.627027 +07 | time-total              20.8827
2022-05-22 02:01:04.627075 +07 | epoch                    0
2022-05-22 02:01:04.627123 +07 | avg-path-return/0       34.3252
2022-05-22 02:01:04.627171 +07 | total-samples/0       1000
2022-05-22 02:01:04.627219 +07 | avg-path-return/1       -3.3949
2022-05-22 02:01:04.627274 +07 | total-samples/1       1000
2022-05-22 02:01:04.627323 +07 | avg-path-return/2     -293.283
2022-05-22 02:01:04.627371 +07 | total-samples/2       1000
2022-05-22 02:01:04.627419 +07 | avg-path-return/3      -34.0991
2022-05-22 02:01:04.627466 +07 | total-samples/3       1000
2022-05-22 02:01:04.627514 +07 | --------------------  ---------
2022-05-22 02:01:25.746656 +07 | --------------------  ---------
2022-05-22 02:01:25.746804 +07 | beta_t                   1
2022-05-22 02:01:25.746882 +07 | beta                     1
2022-05-22 02:01:25.746971 +07 | best_actor_num           0
2022-05-22 02:01:25.747054 +07 | mean-okl/0             nan
2022-05-22 02:01:25.747160 +07 | mean-bkl/0             nan
2022-05-22 02:01:25.747269 +07 | mean-okl/1             nan
2022-05-22 02:01:25.747367 +07 | mean-bkl/1             nan
2022-05-22 02:01:25.747417 +07 | mean-okl/2             nan
2022-05-22 02:01:25.747480 +07 | mean-bkl/2             nan
2022-05-22 02:01:25.747550 +07 | mean-okl/3             nan
2022-05-22 02:01:25.747601 +07 | mean-bkl/3             nan
2022-05-22 02:01:25.747661 +07 | return-average/0       685.289
2022-05-22 02:01:25.747718 +07 | episode-length-avg/0   826.8
2022-05-22 02:01:25.747769 +07 | return-average/1       968.035
2022-05-22 02:01:25.747839 +07 | episode-length-avg/1  1000
2022-05-22 02:01:25.747902 +07 | return-average/2       919.633
2022-05-22 02:01:25.747971 +07 | episode-length-avg/2  1000
2022-05-22 02:01:25.748061 +07 | return-average/3       836.852
2022-05-22 02:01:25.748127 +07 | episode-length-avg/3  1000
2022-05-22 02:01:25.748188 +07 | return-average         852.452
2022-05-22 02:01:25.748248 +07 | time-eval                0
2022-05-22 02:01:25.748307 +07 | time-total              42.0032
2022-05-22 02:01:25.748367 +07 | epoch                    4
2022-05-22 02:01:25.748425 +07 | avg-path-return/0      -55.1549
2022-05-22 02:01:25.748481 +07 | total-samples/0       2000
2022-05-22 02:01:25.748530 +07 | avg-path-return/1      -41.6518
2022-05-22 02:01:25.748577 +07 | total-samples/1       2000
2022-05-22 02:01:25.748625 +07 | avg-path-return/2      -82.6689
2022-05-22 02:01:25.748686 +07 | total-samples/2       2000
2022-05-22 02:01:25.748759 +07 | avg-path-return/3      -66.0319
2022-05-22 02:01:25.748825 +07 | total-samples/3       2000
2022-05-22 02:01:25.748890 +07 | --------------------  ---------
2022-05-23 00:57:59.964201 +07 | [ant/default-2022-05-23-00-57-04-717481-+07-01] observation space: Box(111,)
2022-05-23 00:57:59.964353 +07 | [ant/default-2022-05-23-00-57-04-717481-+07-01] action space: Box(8,)
2022-05-23 00:57:59.969882 +07 | [ant/default-2022-05-23-00-57-04-717481-+07-01] observation space: Box(111,)
2022-05-23 00:57:59.969978 +07 | [ant/default-2022-05-23-00-57-04-717481-+07-01] action space: Box(8,)
2022-05-23 00:57:59.974468 +07 | [ant/default-2022-05-23-00-57-04-717481-+07-01] observation space: Box(111,)
2022-05-23 00:57:59.974549 +07 | [ant/default-2022-05-23-00-57-04-717481-+07-01] action space: Box(8,)
2022-05-23 00:57:59.980295 +07 | [ant/default-2022-05-23-00-57-04-717481-+07-01] observation space: Box(111,)
2022-05-23 00:57:59.980444 +07 | [ant/default-2022-05-23-00-57-04-717481-+07-01] action space: Box(8,)
2022-05-23 00:58:06.128242 +07 | [ant/default-2022-05-23-00-57-04-717481-+07-01] observation space: Box(111,)
2022-05-23 00:58:06.128400 +07 | [ant/default-2022-05-23-00-57-04-717481-+07-01] action space: Box(8,)
2022-05-23 00:58:06.133816 +07 | [ant/default-2022-05-23-00-57-04-717481-+07-01] observation space: Box(111,)
2022-05-23 00:58:06.133941 +07 | [ant/default-2022-05-23-00-57-04-717481-+07-01] action space: Box(8,)
2022-05-23 00:58:06.139363 +07 | [ant/default-2022-05-23-00-57-04-717481-+07-01] observation space: Box(111,)
2022-05-23 00:58:06.139485 +07 | [ant/default-2022-05-23-00-57-04-717481-+07-01] action space: Box(8,)
2022-05-23 00:58:06.145538 +07 | [ant/default-2022-05-23-00-57-04-717481-+07-01] observation space: Box(111,)
2022-05-23 00:58:06.145680 +07 | [ant/default-2022-05-23-00-57-04-717481-+07-01] action space: Box(8,)
2022-05-23 01:00:23.911480 +07 | [ant/default-2022-05-23-00-59-31-888771-+07-01] observation space: Box(111,)
2022-05-23 01:00:23.911623 +07 | [ant/default-2022-05-23-00-59-31-888771-+07-01] action space: Box(8,)
2022-05-23 01:00:23.916873 +07 | [ant/default-2022-05-23-00-59-31-888771-+07-01] observation space: Box(111,)
2022-05-23 01:00:23.916987 +07 | [ant/default-2022-05-23-00-59-31-888771-+07-01] action space: Box(8,)
2022-05-23 01:00:23.921444 +07 | [ant/default-2022-05-23-00-59-31-888771-+07-01] observation space: Box(111,)
2022-05-23 01:00:23.921525 +07 | [ant/default-2022-05-23-00-59-31-888771-+07-01] action space: Box(8,)
2022-05-23 01:00:23.926059 +07 | [ant/default-2022-05-23-00-59-31-888771-+07-01] observation space: Box(111,)
2022-05-23 01:00:23.926142 +07 | [ant/default-2022-05-23-00-59-31-888771-+07-01] action space: Box(8,)
2022-05-23 01:02:09.716332 +07 | [ant/default-2022-05-23-01-01-16-553360-+07-01] observation space: Box(111,)
2022-05-23 01:02:09.716476 +07 | [ant/default-2022-05-23-01-01-16-553360-+07-01] action space: Box(8,)
2022-05-23 01:02:09.721883 +07 | [ant/default-2022-05-23-01-01-16-553360-+07-01] observation space: Box(111,)
2022-05-23 01:02:09.722016 +07 | [ant/default-2022-05-23-01-01-16-553360-+07-01] action space: Box(8,)
2022-05-23 01:02:09.726403 +07 | [ant/default-2022-05-23-01-01-16-553360-+07-01] observation space: Box(111,)
2022-05-23 01:02:09.726484 +07 | [ant/default-2022-05-23-01-01-16-553360-+07-01] action space: Box(8,)
2022-05-23 01:02:09.731073 +07 | [ant/default-2022-05-23-01-01-16-553360-+07-01] observation space: Box(111,)
2022-05-23 01:02:09.731158 +07 | [ant/default-2022-05-23-01-01-16-553360-+07-01] action space: Box(8,)
2022-05-23 01:02:15.647339 +07 | [ant/default-2022-05-23-01-01-16-553360-+07-01] observation space: Box(111,)
2022-05-23 01:02:15.647496 +07 | [ant/default-2022-05-23-01-01-16-553360-+07-01] action space: Box(8,)
2022-05-23 01:02:15.652778 +07 | [ant/default-2022-05-23-01-01-16-553360-+07-01] observation space: Box(111,)
2022-05-23 01:02:15.652883 +07 | [ant/default-2022-05-23-01-01-16-553360-+07-01] action space: Box(8,)
2022-05-23 01:02:15.659424 +07 | [ant/default-2022-05-23-01-01-16-553360-+07-01] observation space: Box(111,)
2022-05-23 01:02:15.659578 +07 | [ant/default-2022-05-23-01-01-16-553360-+07-01] action space: Box(8,)
2022-05-23 01:02:15.665775 +07 | [ant/default-2022-05-23-01-01-16-553360-+07-01] observation space: Box(111,)
2022-05-23 01:02:15.665904 +07 | [ant/default-2022-05-23-01-01-16-553360-+07-01] action space: Box(8,)
2022-05-23 01:02:38.830169 +07 | --------------------  ---------
2022-05-23 01:02:38.830308 +07 | beta_t                   1
2022-05-23 01:02:38.830356 +07 | beta                     1
2022-05-23 01:02:38.830408 +07 | best_actor_num           0
2022-05-23 01:02:38.830473 +07 | mean-okl/0             nan
2022-05-23 01:02:38.830523 +07 | mean-bkl/0             nan
2022-05-23 01:02:38.830572 +07 | mean-okl/1             nan
2022-05-23 01:02:38.830621 +07 | mean-bkl/1             nan
2022-05-23 01:02:38.830670 +07 | mean-okl/2             nan
2022-05-23 01:02:38.830719 +07 | mean-bkl/2             nan
2022-05-23 01:02:38.830767 +07 | mean-okl/3             nan
2022-05-23 01:02:38.830814 +07 | mean-bkl/3             nan
2022-05-23 01:02:38.830871 +07 | return-average/0       730.077
2022-05-23 01:02:38.830930 +07 | episode-length-avg/0  1000
2022-05-23 01:02:38.830979 +07 | return-average/1       968.753
2022-05-23 01:02:38.831026 +07 | episode-length-avg/1  1000
2022-05-23 01:02:38.831074 +07 | return-average/2       909.224
2022-05-23 01:02:38.831122 +07 | episode-length-avg/2  1000
2022-05-23 01:02:38.831169 +07 | return-average/3       817.367
2022-05-23 01:02:38.831217 +07 | episode-length-avg/3  1000
2022-05-23 01:02:38.831265 +07 | return-average         856.355
2022-05-23 01:02:38.831313 +07 | time-eval                0
2022-05-23 01:02:38.831359 +07 | time-total              23.058
2022-05-23 01:02:38.831407 +07 | epoch                    0
2022-05-23 01:02:38.831455 +07 | avg-path-return/0      -31.2659
2022-05-23 01:02:38.831513 +07 | total-samples/0       1000
2022-05-23 01:02:38.831562 +07 | avg-path-return/1      -50.3449
2022-05-23 01:02:38.831611 +07 | total-samples/1       1000
2022-05-23 01:02:38.831659 +07 | avg-path-return/2      -48.1368
2022-05-23 01:02:38.831707 +07 | total-samples/2       1000
2022-05-23 01:02:38.831755 +07 | avg-path-return/3      -22.0919
2022-05-23 01:02:38.831803 +07 | total-samples/3       1000
2022-05-23 01:02:38.831850 +07 | --------------------  ---------
2022-05-23 01:03:01.233957 +07 | --------------------  ---------
2022-05-23 01:03:01.234155 +07 | beta_t                   1
2022-05-23 01:03:01.234278 +07 | beta                     1
2022-05-23 01:03:01.234372 +07 | best_actor_num           0
2022-05-23 01:03:01.234444 +07 | mean-okl/0             nan
2022-05-23 01:03:01.234521 +07 | mean-bkl/0             nan
2022-05-23 01:03:01.234594 +07 | mean-okl/1             nan
2022-05-23 01:03:01.234656 +07 | mean-bkl/1             nan
2022-05-23 01:03:01.234711 +07 | mean-okl/2             nan
2022-05-23 01:03:01.234786 +07 | mean-bkl/2             nan
2022-05-23 01:03:01.234889 +07 | mean-okl/3             nan
2022-05-23 01:03:01.234955 +07 | mean-bkl/3             nan
2022-05-23 01:03:01.235009 +07 | return-average/0       704.21
2022-05-23 01:03:01.235059 +07 | episode-length-avg/0   978.1
2022-05-23 01:03:01.235108 +07 | return-average/1       967.61
2022-05-23 01:03:01.235157 +07 | episode-length-avg/1  1000
2022-05-23 01:03:01.235223 +07 | return-average/2       907.303
2022-05-23 01:03:01.235285 +07 | episode-length-avg/2  1000
2022-05-23 01:03:01.235343 +07 | return-average/3       830.178
2022-05-23 01:03:01.235410 +07 | episode-length-avg/3  1000
2022-05-23 01:03:01.235463 +07 | return-average         852.325
2022-05-23 01:03:01.235526 +07 | time-eval                0
2022-05-23 01:03:01.235575 +07 | time-total              45.4614
2022-05-23 01:03:01.235622 +07 | epoch                    4
2022-05-23 01:03:01.235670 +07 | avg-path-return/0      -49.9589
2022-05-23 01:03:01.235720 +07 | total-samples/0       2000
2022-05-23 01:03:01.235777 +07 | avg-path-return/1      -55.9508
2022-05-23 01:03:01.235825 +07 | total-samples/1       2000
2022-05-23 01:03:01.235890 +07 | avg-path-return/2      -89.9317
2022-05-23 01:03:01.235939 +07 | total-samples/2       2000
2022-05-23 01:03:01.235987 +07 | avg-path-return/3      -48.79
2022-05-23 01:03:01.236035 +07 | total-samples/3       2000
2022-05-23 01:03:01.236082 +07 | --------------------  ---------
2022-05-23 01:31:47.863787 +07 | [ant/default-2022-05-23-01-31-40-984111-+07-01] observation space: Box(111,)
2022-05-23 01:31:47.863963 +07 | [ant/default-2022-05-23-01-31-40-984111-+07-01] action space: Box(8,)
2022-05-23 01:31:47.869797 +07 | [ant/default-2022-05-23-01-31-40-984111-+07-01] observation space: Box(111,)
2022-05-23 01:31:47.869930 +07 | [ant/default-2022-05-23-01-31-40-984111-+07-01] action space: Box(8,)
2022-05-23 01:31:47.874559 +07 | [ant/default-2022-05-23-01-31-40-984111-+07-01] observation space: Box(111,)
2022-05-23 01:31:47.874653 +07 | [ant/default-2022-05-23-01-31-40-984111-+07-01] action space: Box(8,)
2022-05-23 01:31:47.879408 +07 | [ant/default-2022-05-23-01-31-40-984111-+07-01] observation space: Box(111,)
2022-05-23 01:31:47.879509 +07 | [ant/default-2022-05-23-01-31-40-984111-+07-01] action space: Box(8,)
2022-05-23 01:34:22.146564 +07 | [ant/default-2022-05-23-01-34-15-278922-+07-01] observation space: Box(111,)
2022-05-23 01:34:22.146700 +07 | [ant/default-2022-05-23-01-34-15-278922-+07-01] action space: Box(8,)
2022-05-23 01:34:22.151980 +07 | [ant/default-2022-05-23-01-34-15-278922-+07-01] observation space: Box(111,)
2022-05-23 01:34:22.152134 +07 | [ant/default-2022-05-23-01-34-15-278922-+07-01] action space: Box(8,)
2022-05-23 01:34:22.156454 +07 | [ant/default-2022-05-23-01-34-15-278922-+07-01] observation space: Box(111,)
2022-05-23 01:34:22.156554 +07 | [ant/default-2022-05-23-01-34-15-278922-+07-01] action space: Box(8,)
2022-05-23 01:34:22.161268 +07 | [ant/default-2022-05-23-01-34-15-278922-+07-01] observation space: Box(111,)
2022-05-23 01:34:22.161402 +07 | [ant/default-2022-05-23-01-34-15-278922-+07-01] action space: Box(8,)
2022-05-23 01:44:28.401290 +07 | [ant/default-2022-05-23-01-44-21-314234-+07-01] observation space: Box(111,)
2022-05-23 01:44:28.401439 +07 | [ant/default-2022-05-23-01-44-21-314234-+07-01] action space: Box(8,)
2022-05-23 01:44:28.406565 +07 | [ant/default-2022-05-23-01-44-21-314234-+07-01] observation space: Box(111,)
2022-05-23 01:44:28.406671 +07 | [ant/default-2022-05-23-01-44-21-314234-+07-01] action space: Box(8,)
2022-05-23 01:44:28.411434 +07 | [ant/default-2022-05-23-01-44-21-314234-+07-01] observation space: Box(111,)
2022-05-23 01:44:28.411548 +07 | [ant/default-2022-05-23-01-44-21-314234-+07-01] action space: Box(8,)
2022-05-23 01:44:28.416317 +07 | [ant/default-2022-05-23-01-44-21-314234-+07-01] observation space: Box(111,)
2022-05-23 01:44:28.416400 +07 | [ant/default-2022-05-23-01-44-21-314234-+07-01] action space: Box(8,)
2022-05-23 01:49:35.499414 +07 | [ant/default-2022-05-23-01-49-28-283468-+07-01] observation space: Box(111,)
2022-05-23 01:49:35.499560 +07 | [ant/default-2022-05-23-01-49-28-283468-+07-01] action space: Box(8,)
2022-05-23 01:49:35.504701 +07 | [ant/default-2022-05-23-01-49-28-283468-+07-01] observation space: Box(111,)
2022-05-23 01:49:35.504812 +07 | [ant/default-2022-05-23-01-49-28-283468-+07-01] action space: Box(8,)
2022-05-23 01:49:35.509054 +07 | [ant/default-2022-05-23-01-49-28-283468-+07-01] observation space: Box(111,)
2022-05-23 01:49:35.509136 +07 | [ant/default-2022-05-23-01-49-28-283468-+07-01] action space: Box(8,)
2022-05-23 01:49:35.513709 +07 | [ant/default-2022-05-23-01-49-28-283468-+07-01] observation space: Box(111,)
2022-05-23 01:49:35.513805 +07 | [ant/default-2022-05-23-01-49-28-283468-+07-01] action space: Box(8,)
2022-05-23 01:54:37.422543 +07 | [ant/default-2022-05-23-01-54-30-468368-+07-01] observation space: Box(111,)
2022-05-23 01:54:37.422683 +07 | [ant/default-2022-05-23-01-54-30-468368-+07-01] action space: Box(8,)
2022-05-23 01:54:37.427913 +07 | [ant/default-2022-05-23-01-54-30-468368-+07-01] observation space: Box(111,)
2022-05-23 01:54:37.428014 +07 | [ant/default-2022-05-23-01-54-30-468368-+07-01] action space: Box(8,)
2022-05-23 01:54:37.432604 +07 | [ant/default-2022-05-23-01-54-30-468368-+07-01] observation space: Box(111,)
2022-05-23 01:54:37.432688 +07 | [ant/default-2022-05-23-01-54-30-468368-+07-01] action space: Box(8,)
2022-05-23 01:54:37.437684 +07 | [ant/default-2022-05-23-01-54-30-468368-+07-01] observation space: Box(111,)
2022-05-23 01:54:37.437789 +07 | [ant/default-2022-05-23-01-54-30-468368-+07-01] action space: Box(8,)
2022-05-23 01:57:41.360995 +07 | [ant/default-2022-05-23-01-56-48-700448-+07-01] observation space: Box(111,)
2022-05-23 01:57:41.361151 +07 | [ant/default-2022-05-23-01-56-48-700448-+07-01] action space: Box(8,)
2022-05-23 01:57:41.366795 +07 | [ant/default-2022-05-23-01-56-48-700448-+07-01] observation space: Box(111,)
2022-05-23 01:57:41.366895 +07 | [ant/default-2022-05-23-01-56-48-700448-+07-01] action space: Box(8,)
2022-05-23 01:57:41.371430 +07 | [ant/default-2022-05-23-01-56-48-700448-+07-01] observation space: Box(111,)
2022-05-23 01:57:41.371534 +07 | [ant/default-2022-05-23-01-56-48-700448-+07-01] action space: Box(8,)
2022-05-23 01:57:41.376833 +07 | [ant/default-2022-05-23-01-56-48-700448-+07-01] observation space: Box(111,)
2022-05-23 01:57:41.376944 +07 | [ant/default-2022-05-23-01-56-48-700448-+07-01] action space: Box(8,)
2022-05-23 01:57:47.123698 +07 | [ant/default-2022-05-23-01-56-48-700448-+07-01] observation space: Box(111,)
2022-05-23 01:57:47.123831 +07 | [ant/default-2022-05-23-01-56-48-700448-+07-01] action space: Box(8,)
2022-05-23 01:57:47.129391 +07 | [ant/default-2022-05-23-01-56-48-700448-+07-01] observation space: Box(111,)
2022-05-23 01:57:47.129507 +07 | [ant/default-2022-05-23-01-56-48-700448-+07-01] action space: Box(8,)
2022-05-23 01:57:47.134653 +07 | [ant/default-2022-05-23-01-56-48-700448-+07-01] observation space: Box(111,)
2022-05-23 01:57:47.134750 +07 | [ant/default-2022-05-23-01-56-48-700448-+07-01] action space: Box(8,)
2022-05-23 01:57:47.139615 +07 | [ant/default-2022-05-23-01-56-48-700448-+07-01] observation space: Box(111,)
2022-05-23 01:57:47.139715 +07 | [ant/default-2022-05-23-01-56-48-700448-+07-01] action space: Box(8,)
2022-05-23 02:06:06.628564 +07 | [ant/default-2022-05-23-02-05-14-450794-+07-01] observation space: Box(111,)
2022-05-23 02:06:06.628728 +07 | [ant/default-2022-05-23-02-05-14-450794-+07-01] action space: Box(8,)
2022-05-23 02:06:06.634045 +07 | [ant/default-2022-05-23-02-05-14-450794-+07-01] observation space: Box(111,)
2022-05-23 02:06:06.634146 +07 | [ant/default-2022-05-23-02-05-14-450794-+07-01] action space: Box(8,)
2022-05-23 02:06:06.638369 +07 | [ant/default-2022-05-23-02-05-14-450794-+07-01] observation space: Box(111,)
2022-05-23 02:06:06.638451 +07 | [ant/default-2022-05-23-02-05-14-450794-+07-01] action space: Box(8,)
2022-05-23 02:06:06.643007 +07 | [ant/default-2022-05-23-02-05-14-450794-+07-01] observation space: Box(111,)
2022-05-23 02:06:06.643093 +07 | [ant/default-2022-05-23-02-05-14-450794-+07-01] action space: Box(8,)
2022-05-23 02:06:12.337637 +07 | [ant/default-2022-05-23-02-05-14-450794-+07-01] observation space: Box(111,)
2022-05-23 02:06:12.337770 +07 | [ant/default-2022-05-23-02-05-14-450794-+07-01] action space: Box(8,)
2022-05-23 02:06:12.342842 +07 | [ant/default-2022-05-23-02-05-14-450794-+07-01] observation space: Box(111,)
2022-05-23 02:06:12.342941 +07 | [ant/default-2022-05-23-02-05-14-450794-+07-01] action space: Box(8,)
2022-05-23 02:06:12.347305 +07 | [ant/default-2022-05-23-02-05-14-450794-+07-01] observation space: Box(111,)
2022-05-23 02:06:12.347388 +07 | [ant/default-2022-05-23-02-05-14-450794-+07-01] action space: Box(8,)
2022-05-23 02:06:12.351766 +07 | [ant/default-2022-05-23-02-05-14-450794-+07-01] observation space: Box(111,)
2022-05-23 02:06:12.351851 +07 | [ant/default-2022-05-23-02-05-14-450794-+07-01] action space: Box(8,)
2022-05-23 02:06:35.400502 +07 | --------------------  ----------
2022-05-23 02:06:35.400654 +07 | beta_t                   1
2022-05-23 02:06:35.400734 +07 | beta                     1
2022-05-23 02:06:35.400802 +07 | best_actor_num           0
2022-05-23 02:06:35.400861 +07 | mean-okl/0             nan
2022-05-23 02:06:35.400921 +07 | mean-bkl/0             nan
2022-05-23 02:06:35.400979 +07 | mean-okl/1             nan
2022-05-23 02:06:35.401046 +07 | mean-bkl/1             nan
2022-05-23 02:06:35.401111 +07 | mean-okl/2             nan
2022-05-23 02:06:35.401169 +07 | mean-bkl/2             nan
2022-05-23 02:06:35.401227 +07 | mean-okl/3             nan
2022-05-23 02:06:35.401289 +07 | mean-bkl/3             nan
2022-05-23 02:06:35.401349 +07 | return-average/0       773.678
2022-05-23 02:06:35.401408 +07 | episode-length-avg/0  1000
2022-05-23 02:06:35.401465 +07 | return-average/1       966.087
2022-05-23 02:06:35.401521 +07 | episode-length-avg/1  1000
2022-05-23 02:06:35.401579 +07 | return-average/2       898.049
2022-05-23 02:06:35.401635 +07 | episode-length-avg/2  1000
2022-05-23 02:06:35.401694 +07 | return-average/3       823.217
2022-05-23 02:06:35.401750 +07 | episode-length-avg/3  1000
2022-05-23 02:06:35.401807 +07 | return-average         865.258
2022-05-23 02:06:35.401865 +07 | time-eval                0
2022-05-23 02:06:35.401922 +07 | time-total              22.9574
2022-05-23 02:06:35.401979 +07 | epoch                    0
2022-05-23 02:06:35.402037 +07 | avg-path-return/0        9.99828
2022-05-23 02:06:35.402095 +07 | total-samples/0       1000
2022-05-23 02:06:35.402152 +07 | avg-path-return/1      -47.0429
2022-05-23 02:06:35.402209 +07 | total-samples/1       1000
2022-05-23 02:06:35.402266 +07 | avg-path-return/2      -19.3217
2022-05-23 02:06:35.402324 +07 | total-samples/2       1000
2022-05-23 02:06:35.402380 +07 | avg-path-return/3       -9.24659
2022-05-23 02:06:35.402440 +07 | total-samples/3       1000
2022-05-23 02:06:35.402503 +07 | --------------------  ----------
2022-05-23 02:06:56.477116 +07 | --------------------  ---------
2022-05-23 02:06:56.477318 +07 | beta_t                   1
2022-05-23 02:06:56.477380 +07 | beta                     1
2022-05-23 02:06:56.477467 +07 | best_actor_num           0
2022-05-23 02:06:56.477545 +07 | mean-okl/0             nan
2022-05-23 02:06:56.477617 +07 | mean-bkl/0             nan
2022-05-23 02:06:56.477681 +07 | mean-okl/1             nan
2022-05-23 02:06:56.477731 +07 | mean-bkl/1             nan
2022-05-23 02:06:56.477780 +07 | mean-okl/2             nan
2022-05-23 02:06:56.477846 +07 | mean-bkl/2             nan
2022-05-23 02:06:56.477899 +07 | mean-okl/3             nan
2022-05-23 02:06:56.477941 +07 | mean-bkl/3             nan
2022-05-23 02:06:56.477991 +07 | return-average/0       704.27
2022-05-23 02:06:56.478066 +07 | episode-length-avg/0   945.1
2022-05-23 02:06:56.478120 +07 | return-average/1       966.895
2022-05-23 02:06:56.478170 +07 | episode-length-avg/1  1000
2022-05-23 02:06:56.478219 +07 | return-average/2       914.194
2022-05-23 02:06:56.478267 +07 | episode-length-avg/2  1000
2022-05-23 02:06:56.478316 +07 | return-average/3       804.98
2022-05-23 02:06:56.478364 +07 | episode-length-avg/3  1000
2022-05-23 02:06:56.478412 +07 | return-average         847.585
2022-05-23 02:06:56.478461 +07 | time-eval                0
2022-05-23 02:06:56.478509 +07 | time-total              44.0338
2022-05-23 02:06:56.478558 +07 | epoch                    4
2022-05-23 02:06:56.478606 +07 | avg-path-return/0      -94.0011
2022-05-23 02:06:56.478653 +07 | total-samples/0       2000
2022-05-23 02:06:56.478701 +07 | avg-path-return/1      -74.3691
2022-05-23 02:06:56.478748 +07 | total-samples/1       2000
2022-05-23 02:06:56.478796 +07 | avg-path-return/2      -61.1769
2022-05-23 02:06:56.478845 +07 | total-samples/2       2000
2022-05-23 02:06:56.478893 +07 | avg-path-return/3      -50.0594
2022-05-23 02:06:56.478941 +07 | total-samples/3       2000
2022-05-23 02:06:56.478989 +07 | --------------------  ---------
2022-05-23 11:10:21.593951 +07 | [ant/default-2022-05-23-11-10-14-708350-+07-01] observation space: Box(111,)
2022-05-23 11:10:21.594088 +07 | [ant/default-2022-05-23-11-10-14-708350-+07-01] action space: Box(8,)
2022-05-23 11:10:21.599950 +07 | [ant/default-2022-05-23-11-10-14-708350-+07-01] observation space: Box(111,)
2022-05-23 11:10:21.600051 +07 | [ant/default-2022-05-23-11-10-14-708350-+07-01] action space: Box(8,)
2022-05-23 11:10:21.604630 +07 | [ant/default-2022-05-23-11-10-14-708350-+07-01] observation space: Box(111,)
2022-05-23 11:10:21.604709 +07 | [ant/default-2022-05-23-11-10-14-708350-+07-01] action space: Box(8,)
2022-05-23 11:10:21.609498 +07 | [ant/default-2022-05-23-11-10-14-708350-+07-01] observation space: Box(111,)
2022-05-23 11:10:21.609577 +07 | [ant/default-2022-05-23-11-10-14-708350-+07-01] action space: Box(8,)
2022-05-25 16:18:14.405170 +07 | [ant/default-2022-05-25-16-18-08-386882-+07-01] observation space: Box(111,)
2022-05-25 16:18:14.407163 +07 | [ant/default-2022-05-25-16-18-08-386882-+07-01] action space: Box(8,)
2022-05-25 16:18:14.413878 +07 | [ant/default-2022-05-25-16-18-08-386882-+07-01] observation space: Box(111,)
2022-05-25 16:18:14.413975 +07 | [ant/default-2022-05-25-16-18-08-386882-+07-01] action space: Box(8,)
2022-05-25 16:18:14.419508 +07 | [ant/default-2022-05-25-16-18-08-386882-+07-01] observation space: Box(111,)
2022-05-25 16:18:14.419611 +07 | [ant/default-2022-05-25-16-18-08-386882-+07-01] action space: Box(8,)
2022-05-25 16:18:14.425790 +07 | [ant/default-2022-05-25-16-18-08-386882-+07-01] observation space: Box(111,)
2022-05-25 16:18:14.425893 +07 | [ant/default-2022-05-25-16-18-08-386882-+07-01] action space: Box(8,)
2022-05-25 16:19:56.323863 +07 | [ant/default-2022-05-25-16-19-50-700695-+07-01] observation space: Box(111,)
2022-05-25 16:19:56.324006 +07 | [ant/default-2022-05-25-16-19-50-700695-+07-01] action space: Box(8,)
2022-05-25 16:19:56.329695 +07 | [ant/default-2022-05-25-16-19-50-700695-+07-01] observation space: Box(111,)
2022-05-25 16:19:56.329839 +07 | [ant/default-2022-05-25-16-19-50-700695-+07-01] action space: Box(8,)
2022-05-25 16:19:56.334827 +07 | [ant/default-2022-05-25-16-19-50-700695-+07-01] observation space: Box(111,)
2022-05-25 16:19:56.334915 +07 | [ant/default-2022-05-25-16-19-50-700695-+07-01] action space: Box(8,)
2022-05-25 16:19:56.339461 +07 | [ant/default-2022-05-25-16-19-50-700695-+07-01] observation space: Box(111,)
2022-05-25 16:19:56.339543 +07 | [ant/default-2022-05-25-16-19-50-700695-+07-01] action space: Box(8,)
2022-05-25 16:25:22.845660 +07 | [ant/default-2022-05-25-16-25-17-119768-+07-01] observation space: Box(111,)
2022-05-25 16:25:22.845820 +07 | [ant/default-2022-05-25-16-25-17-119768-+07-01] action space: Box(8,)
2022-05-25 16:25:22.851177 +07 | [ant/default-2022-05-25-16-25-17-119768-+07-01] observation space: Box(111,)
2022-05-25 16:25:22.851273 +07 | [ant/default-2022-05-25-16-25-17-119768-+07-01] action space: Box(8,)
2022-05-25 16:25:22.855728 +07 | [ant/default-2022-05-25-16-25-17-119768-+07-01] observation space: Box(111,)
2022-05-25 16:25:22.855811 +07 | [ant/default-2022-05-25-16-25-17-119768-+07-01] action space: Box(8,)
2022-05-25 16:25:22.860541 +07 | [ant/default-2022-05-25-16-25-17-119768-+07-01] observation space: Box(111,)
2022-05-25 16:25:22.860646 +07 | [ant/default-2022-05-25-16-25-17-119768-+07-01] action space: Box(8,)
2022-05-25 16:26:05.678298 +07 | [ant/default-2022-05-25-16-25-59-941371-+07-01] observation space: Box(111,)
2022-05-25 16:26:05.678454 +07 | [ant/default-2022-05-25-16-25-59-941371-+07-01] action space: Box(8,)
2022-05-25 16:26:05.684011 +07 | [ant/default-2022-05-25-16-25-59-941371-+07-01] observation space: Box(111,)
2022-05-25 16:26:05.684126 +07 | [ant/default-2022-05-25-16-25-59-941371-+07-01] action space: Box(8,)
2022-05-25 16:26:05.688459 +07 | [ant/default-2022-05-25-16-25-59-941371-+07-01] observation space: Box(111,)
2022-05-25 16:26:05.688547 +07 | [ant/default-2022-05-25-16-25-59-941371-+07-01] action space: Box(8,)
2022-05-25 16:26:05.693798 +07 | [ant/default-2022-05-25-16-25-59-941371-+07-01] observation space: Box(111,)
2022-05-25 16:26:05.693930 +07 | [ant/default-2022-05-25-16-25-59-941371-+07-01] action space: Box(8,)
2022-05-25 16:26:40.604432 +07 | [ant/default-2022-05-25-16-26-35-079792-+07-01] observation space: Box(111,)
2022-05-25 16:26:40.604592 +07 | [ant/default-2022-05-25-16-26-35-079792-+07-01] action space: Box(8,)
2022-05-25 16:26:40.609878 +07 | [ant/default-2022-05-25-16-26-35-079792-+07-01] observation space: Box(111,)
2022-05-25 16:26:40.610028 +07 | [ant/default-2022-05-25-16-26-35-079792-+07-01] action space: Box(8,)
2022-05-25 16:26:40.614502 +07 | [ant/default-2022-05-25-16-26-35-079792-+07-01] observation space: Box(111,)
2022-05-25 16:26:40.614596 +07 | [ant/default-2022-05-25-16-26-35-079792-+07-01] action space: Box(8,)
2022-05-25 16:26:40.619042 +07 | [ant/default-2022-05-25-16-26-35-079792-+07-01] observation space: Box(111,)
2022-05-25 16:26:40.619139 +07 | [ant/default-2022-05-25-16-26-35-079792-+07-01] action space: Box(8,)
2022-05-25 16:27:26.493104 +07 | [ant/default-2022-05-25-16-27-20-851914-+07-01] observation space: Box(111,)
2022-05-25 16:27:26.493253 +07 | [ant/default-2022-05-25-16-27-20-851914-+07-01] action space: Box(8,)
2022-05-25 16:27:26.499138 +07 | [ant/default-2022-05-25-16-27-20-851914-+07-01] observation space: Box(111,)
2022-05-25 16:27:26.499263 +07 | [ant/default-2022-05-25-16-27-20-851914-+07-01] action space: Box(8,)
2022-05-25 16:27:26.504588 +07 | [ant/default-2022-05-25-16-27-20-851914-+07-01] observation space: Box(111,)
2022-05-25 16:27:26.504680 +07 | [ant/default-2022-05-25-16-27-20-851914-+07-01] action space: Box(8,)
2022-05-25 16:27:26.509464 +07 | [ant/default-2022-05-25-16-27-20-851914-+07-01] observation space: Box(111,)
2022-05-25 16:27:26.509584 +07 | [ant/default-2022-05-25-16-27-20-851914-+07-01] action space: Box(8,)
2022-05-25 16:27:49.974488 +07 | [ant/default-2022-05-25-16-27-44-416376-+07-01] observation space: Box(111,)
2022-05-25 16:27:49.974638 +07 | [ant/default-2022-05-25-16-27-44-416376-+07-01] action space: Box(8,)
2022-05-25 16:27:49.980803 +07 | [ant/default-2022-05-25-16-27-44-416376-+07-01] observation space: Box(111,)
2022-05-25 16:27:49.980953 +07 | [ant/default-2022-05-25-16-27-44-416376-+07-01] action space: Box(8,)
2022-05-25 16:27:49.986104 +07 | [ant/default-2022-05-25-16-27-44-416376-+07-01] observation space: Box(111,)
2022-05-25 16:27:49.986201 +07 | [ant/default-2022-05-25-16-27-44-416376-+07-01] action space: Box(8,)
2022-05-25 16:27:49.991470 +07 | [ant/default-2022-05-25-16-27-44-416376-+07-01] observation space: Box(111,)
2022-05-25 16:27:49.991553 +07 | [ant/default-2022-05-25-16-27-44-416376-+07-01] action space: Box(8,)
2022-05-25 16:28:27.097739 +07 | [ant/default-2022-05-25-16-28-21-465060-+07-01] observation space: Box(111,)
2022-05-25 16:28:27.097918 +07 | [ant/default-2022-05-25-16-28-21-465060-+07-01] action space: Box(8,)
2022-05-25 16:28:27.104737 +07 | [ant/default-2022-05-25-16-28-21-465060-+07-01] observation space: Box(111,)
2022-05-25 16:28:27.104859 +07 | [ant/default-2022-05-25-16-28-21-465060-+07-01] action space: Box(8,)
2022-05-25 16:28:27.110352 +07 | [ant/default-2022-05-25-16-28-21-465060-+07-01] observation space: Box(111,)
2022-05-25 16:28:27.110454 +07 | [ant/default-2022-05-25-16-28-21-465060-+07-01] action space: Box(8,)
2022-05-25 16:28:27.115915 +07 | [ant/default-2022-05-25-16-28-21-465060-+07-01] observation space: Box(111,)
2022-05-25 16:28:27.116000 +07 | [ant/default-2022-05-25-16-28-21-465060-+07-01] action space: Box(8,)
2022-05-25 16:28:55.580479 +07 | [ant/default-2022-05-25-16-28-50-033261-+07-01] observation space: Box(111,)
2022-05-25 16:28:55.580650 +07 | [ant/default-2022-05-25-16-28-50-033261-+07-01] action space: Box(8,)
2022-05-25 16:28:55.587148 +07 | [ant/default-2022-05-25-16-28-50-033261-+07-01] observation space: Box(111,)
2022-05-25 16:28:55.587285 +07 | [ant/default-2022-05-25-16-28-50-033261-+07-01] action space: Box(8,)
2022-05-25 16:28:55.592429 +07 | [ant/default-2022-05-25-16-28-50-033261-+07-01] observation space: Box(111,)
2022-05-25 16:28:55.592526 +07 | [ant/default-2022-05-25-16-28-50-033261-+07-01] action space: Box(8,)
2022-05-25 16:28:55.598351 +07 | [ant/default-2022-05-25-16-28-50-033261-+07-01] observation space: Box(111,)
2022-05-25 16:28:55.598481 +07 | [ant/default-2022-05-25-16-28-50-033261-+07-01] action space: Box(8,)
2022-05-25 16:29:41.582373 +07 | [ant/default-2022-05-25-16-29-35-818319-+07-01] observation space: Box(111,)
2022-05-25 16:29:41.582520 +07 | [ant/default-2022-05-25-16-29-35-818319-+07-01] action space: Box(8,)
2022-05-25 16:29:41.587802 +07 | [ant/default-2022-05-25-16-29-35-818319-+07-01] observation space: Box(111,)
2022-05-25 16:29:41.587948 +07 | [ant/default-2022-05-25-16-29-35-818319-+07-01] action space: Box(8,)
2022-05-25 16:29:41.592331 +07 | [ant/default-2022-05-25-16-29-35-818319-+07-01] observation space: Box(111,)
2022-05-25 16:29:41.592423 +07 | [ant/default-2022-05-25-16-29-35-818319-+07-01] action space: Box(8,)
2022-05-25 16:29:41.596709 +07 | [ant/default-2022-05-25-16-29-35-818319-+07-01] observation space: Box(111,)
2022-05-25 16:29:41.596792 +07 | [ant/default-2022-05-25-16-29-35-818319-+07-01] action space: Box(8,)
2022-05-25 16:31:10.018762 +07 | [ant/default-2022-05-25-16-31-04-438396-+07-01] observation space: Box(111,)
2022-05-25 16:31:10.018921 +07 | [ant/default-2022-05-25-16-31-04-438396-+07-01] action space: Box(8,)
2022-05-25 16:31:10.024878 +07 | [ant/default-2022-05-25-16-31-04-438396-+07-01] observation space: Box(111,)
2022-05-25 16:31:10.025015 +07 | [ant/default-2022-05-25-16-31-04-438396-+07-01] action space: Box(8,)
2022-05-25 16:31:10.030021 +07 | [ant/default-2022-05-25-16-31-04-438396-+07-01] observation space: Box(111,)
2022-05-25 16:31:10.030122 +07 | [ant/default-2022-05-25-16-31-04-438396-+07-01] action space: Box(8,)
2022-05-25 16:31:10.035252 +07 | [ant/default-2022-05-25-16-31-04-438396-+07-01] observation space: Box(111,)
2022-05-25 16:31:10.035349 +07 | [ant/default-2022-05-25-16-31-04-438396-+07-01] action space: Box(8,)
2022-05-25 16:33:08.041970 +07 | [ant/default-2022-05-25-16-33-02-506513-+07-01] observation space: Box(111,)
2022-05-25 16:33:08.042149 +07 | [ant/default-2022-05-25-16-33-02-506513-+07-01] action space: Box(8,)
2022-05-25 16:33:08.049401 +07 | [ant/default-2022-05-25-16-33-02-506513-+07-01] observation space: Box(111,)
2022-05-25 16:33:08.049565 +07 | [ant/default-2022-05-25-16-33-02-506513-+07-01] action space: Box(8,)
2022-05-25 16:33:08.055760 +07 | [ant/default-2022-05-25-16-33-02-506513-+07-01] observation space: Box(111,)
2022-05-25 16:33:08.055905 +07 | [ant/default-2022-05-25-16-33-02-506513-+07-01] action space: Box(8,)
2022-05-25 16:33:08.062719 +07 | [ant/default-2022-05-25-16-33-02-506513-+07-01] observation space: Box(111,)
2022-05-25 16:33:08.062887 +07 | [ant/default-2022-05-25-16-33-02-506513-+07-01] action space: Box(8,)
2022-05-25 16:34:11.231209 +07 | [ant/default-2022-05-25-16-34-05-551365-+07-01] observation space: Box(111,)
2022-05-25 16:34:11.231396 +07 | [ant/default-2022-05-25-16-34-05-551365-+07-01] action space: Box(8,)
2022-05-25 16:34:11.236914 +07 | [ant/default-2022-05-25-16-34-05-551365-+07-01] observation space: Box(111,)
2022-05-25 16:34:11.237060 +07 | [ant/default-2022-05-25-16-34-05-551365-+07-01] action space: Box(8,)
2022-05-25 16:34:11.241772 +07 | [ant/default-2022-05-25-16-34-05-551365-+07-01] observation space: Box(111,)
2022-05-25 16:34:11.241887 +07 | [ant/default-2022-05-25-16-34-05-551365-+07-01] action space: Box(8,)
2022-05-25 16:34:11.246400 +07 | [ant/default-2022-05-25-16-34-05-551365-+07-01] observation space: Box(111,)
2022-05-25 16:34:11.246538 +07 | [ant/default-2022-05-25-16-34-05-551365-+07-01] action space: Box(8,)
2022-05-25 16:42:46.123012 +07 | [ant/default-2022-05-25-16-42-40-601610-+07-01] observation space: Box(111,)
2022-05-25 16:42:46.123165 +07 | [ant/default-2022-05-25-16-42-40-601610-+07-01] action space: Box(8,)
2022-05-25 16:42:46.128399 +07 | [ant/default-2022-05-25-16-42-40-601610-+07-01] observation space: Box(111,)
2022-05-25 16:42:46.128503 +07 | [ant/default-2022-05-25-16-42-40-601610-+07-01] action space: Box(8,)
2022-05-25 16:42:46.132987 +07 | [ant/default-2022-05-25-16-42-40-601610-+07-01] observation space: Box(111,)
2022-05-25 16:42:46.133097 +07 | [ant/default-2022-05-25-16-42-40-601610-+07-01] action space: Box(8,)
2022-05-25 16:42:46.137479 +07 | [ant/default-2022-05-25-16-42-40-601610-+07-01] observation space: Box(111,)
2022-05-25 16:42:46.137570 +07 | [ant/default-2022-05-25-16-42-40-601610-+07-01] action space: Box(8,)
2022-05-25 16:45:17.368822 +07 | [ant/default-2022-05-25-16-45-11-692697-+07-01] observation space: Box(111,)
2022-05-25 16:45:17.368978 +07 | [ant/default-2022-05-25-16-45-11-692697-+07-01] action space: Box(8,)
2022-05-25 16:45:17.374251 +07 | [ant/default-2022-05-25-16-45-11-692697-+07-01] observation space: Box(111,)
2022-05-25 16:45:17.374358 +07 | [ant/default-2022-05-25-16-45-11-692697-+07-01] action space: Box(8,)
2022-05-25 16:45:17.378794 +07 | [ant/default-2022-05-25-16-45-11-692697-+07-01] observation space: Box(111,)
2022-05-25 16:45:17.378875 +07 | [ant/default-2022-05-25-16-45-11-692697-+07-01] action space: Box(8,)
2022-05-25 16:45:17.383432 +07 | [ant/default-2022-05-25-16-45-11-692697-+07-01] observation space: Box(111,)
2022-05-25 16:45:17.383546 +07 | [ant/default-2022-05-25-16-45-11-692697-+07-01] action space: Box(8,)
2022-05-25 17:16:22.889354 +07 | [ant/default-2022-05-25-17-16-16-725432-+07-01] observation space: Box(111,)
2022-05-25 17:16:22.889512 +07 | [ant/default-2022-05-25-17-16-16-725432-+07-01] action space: Box(8,)
2022-05-25 17:16:22.896483 +07 | [ant/default-2022-05-25-17-16-16-725432-+07-01] observation space: Box(111,)
2022-05-25 17:16:22.896605 +07 | [ant/default-2022-05-25-17-16-16-725432-+07-01] action space: Box(8,)
2022-05-25 17:16:22.902569 +07 | [ant/default-2022-05-25-17-16-16-725432-+07-01] observation space: Box(111,)
2022-05-25 17:16:22.902692 +07 | [ant/default-2022-05-25-17-16-16-725432-+07-01] action space: Box(8,)
2022-05-25 17:16:22.908896 +07 | [ant/default-2022-05-25-17-16-16-725432-+07-01] observation space: Box(111,)
2022-05-25 17:16:22.909014 +07 | [ant/default-2022-05-25-17-16-16-725432-+07-01] action space: Box(8,)
2022-05-25 17:17:22.972097 +07 | [ant/default-2022-05-25-17-17-14-184933-+07-01] observation space: Box(111,)
2022-05-25 17:17:22.972251 +07 | [ant/default-2022-05-25-17-17-14-184933-+07-01] action space: Box(8,)
2022-05-25 17:17:22.977458 +07 | [ant/default-2022-05-25-17-17-14-184933-+07-01] observation space: Box(111,)
2022-05-25 17:17:22.977565 +07 | [ant/default-2022-05-25-17-17-14-184933-+07-01] action space: Box(8,)
2022-05-25 17:17:22.982425 +07 | [ant/default-2022-05-25-17-17-14-184933-+07-01] observation space: Box(111,)
2022-05-25 17:17:22.982529 +07 | [ant/default-2022-05-25-17-17-14-184933-+07-01] action space: Box(8,)
2022-05-25 17:17:22.987891 +07 | [ant/default-2022-05-25-17-17-14-184933-+07-01] observation space: Box(111,)
2022-05-25 17:17:22.987978 +07 | [ant/default-2022-05-25-17-17-14-184933-+07-01] action space: Box(8,)
2022-05-25 17:19:28.824089 +07 | [ant/default-2022-05-25-17-19-20-299052-+07-01] observation space: Box(111,)
2022-05-25 17:19:28.824267 +07 | [ant/default-2022-05-25-17-19-20-299052-+07-01] action space: Box(8,)
2022-05-25 17:19:28.829695 +07 | [ant/default-2022-05-25-17-19-20-299052-+07-01] observation space: Box(111,)
2022-05-25 17:19:28.829801 +07 | [ant/default-2022-05-25-17-19-20-299052-+07-01] action space: Box(8,)
2022-05-25 17:19:28.834480 +07 | [ant/default-2022-05-25-17-19-20-299052-+07-01] observation space: Box(111,)
2022-05-25 17:19:28.834595 +07 | [ant/default-2022-05-25-17-19-20-299052-+07-01] action space: Box(8,)
2022-05-25 17:19:28.839306 +07 | [ant/default-2022-05-25-17-19-20-299052-+07-01] observation space: Box(111,)
2022-05-25 17:19:28.839403 +07 | [ant/default-2022-05-25-17-19-20-299052-+07-01] action space: Box(8,)
2022-05-25 17:22:30.878177 +07 | [ant/default-2022-05-25-17-22-22-359350-+07-01] observation space: Box(111,)
2022-05-25 17:22:30.878335 +07 | [ant/default-2022-05-25-17-22-22-359350-+07-01] action space: Box(8,)
2022-05-25 17:22:30.883664 +07 | [ant/default-2022-05-25-17-22-22-359350-+07-01] observation space: Box(111,)
2022-05-25 17:22:30.883770 +07 | [ant/default-2022-05-25-17-22-22-359350-+07-01] action space: Box(8,)
2022-05-25 17:22:30.888000 +07 | [ant/default-2022-05-25-17-22-22-359350-+07-01] observation space: Box(111,)
2022-05-25 17:22:30.888083 +07 | [ant/default-2022-05-25-17-22-22-359350-+07-01] action space: Box(8,)
2022-05-25 17:22:30.893023 +07 | [ant/default-2022-05-25-17-22-22-359350-+07-01] observation space: Box(111,)
2022-05-25 17:22:30.893148 +07 | [ant/default-2022-05-25-17-22-22-359350-+07-01] action space: Box(8,)
2022-05-25 17:23:19.026710 +07 | [ant/default-2022-05-25-17-23-09-986836-+07-01] observation space: Box(111,)
2022-05-25 17:23:19.026860 +07 | [ant/default-2022-05-25-17-23-09-986836-+07-01] action space: Box(8,)
2022-05-25 17:23:19.032029 +07 | [ant/default-2022-05-25-17-23-09-986836-+07-01] observation space: Box(111,)
2022-05-25 17:23:19.032143 +07 | [ant/default-2022-05-25-17-23-09-986836-+07-01] action space: Box(8,)
2022-05-25 17:23:19.036622 +07 | [ant/default-2022-05-25-17-23-09-986836-+07-01] observation space: Box(111,)
2022-05-25 17:23:19.036714 +07 | [ant/default-2022-05-25-17-23-09-986836-+07-01] action space: Box(8,)
2022-05-25 17:23:19.040871 +07 | [ant/default-2022-05-25-17-23-09-986836-+07-01] observation space: Box(111,)
2022-05-25 17:23:19.040957 +07 | [ant/default-2022-05-25-17-23-09-986836-+07-01] action space: Box(8,)
2022-05-25 17:32:53.210307 +07 | [ant/default-2022-05-25-17-32-44-111909-+07-01] observation space: Box(111,)
2022-05-25 17:32:53.210474 +07 | [ant/default-2022-05-25-17-32-44-111909-+07-01] action space: Box(8,)
2022-05-25 17:32:53.216578 +07 | [ant/default-2022-05-25-17-32-44-111909-+07-01] observation space: Box(111,)
2022-05-25 17:32:53.216680 +07 | [ant/default-2022-05-25-17-32-44-111909-+07-01] action space: Box(8,)
2022-05-25 17:32:53.221465 +07 | [ant/default-2022-05-25-17-32-44-111909-+07-01] observation space: Box(111,)
2022-05-25 17:32:53.221567 +07 | [ant/default-2022-05-25-17-32-44-111909-+07-01] action space: Box(8,)
2022-05-25 17:32:53.227059 +07 | [ant/default-2022-05-25-17-32-44-111909-+07-01] observation space: Box(111,)
2022-05-25 17:32:53.227154 +07 | [ant/default-2022-05-25-17-32-44-111909-+07-01] action space: Box(8,)
2022-05-25 17:35:26.204512 +07 | [ant/default-2022-05-25-17-35-13-744518-+07-01] observation space: Box(111,)
2022-05-25 17:35:26.204680 +07 | [ant/default-2022-05-25-17-35-13-744518-+07-01] action space: Box(8,)
2022-05-25 17:35:26.210312 +07 | [ant/default-2022-05-25-17-35-13-744518-+07-01] observation space: Box(111,)
2022-05-25 17:35:26.210457 +07 | [ant/default-2022-05-25-17-35-13-744518-+07-01] action space: Box(8,)
2022-05-25 17:35:26.214975 +07 | [ant/default-2022-05-25-17-35-13-744518-+07-01] observation space: Box(111,)
2022-05-25 17:35:26.215085 +07 | [ant/default-2022-05-25-17-35-13-744518-+07-01] action space: Box(8,)
2022-05-25 17:35:26.220282 +07 | [ant/default-2022-05-25-17-35-13-744518-+07-01] observation space: Box(111,)
2022-05-25 17:35:26.220427 +07 | [ant/default-2022-05-25-17-35-13-744518-+07-01] action space: Box(8,)
2022-05-25 17:37:09.439156 +07 | [ant/default-2022-05-25-17-36-56-993626-+07-01] observation space: Box(111,)
2022-05-25 17:37:09.439305 +07 | [ant/default-2022-05-25-17-36-56-993626-+07-01] action space: Box(8,)
2022-05-25 17:37:09.445026 +07 | [ant/default-2022-05-25-17-36-56-993626-+07-01] observation space: Box(111,)
2022-05-25 17:37:09.445144 +07 | [ant/default-2022-05-25-17-36-56-993626-+07-01] action space: Box(8,)
2022-05-25 17:37:09.449647 +07 | [ant/default-2022-05-25-17-36-56-993626-+07-01] observation space: Box(111,)
2022-05-25 17:37:09.449732 +07 | [ant/default-2022-05-25-17-36-56-993626-+07-01] action space: Box(8,)
2022-05-25 17:37:09.454381 +07 | [ant/default-2022-05-25-17-36-56-993626-+07-01] observation space: Box(111,)
2022-05-25 17:37:09.454473 +07 | [ant/default-2022-05-25-17-36-56-993626-+07-01] action space: Box(8,)
